[0.069s] DEBUG:colcon:Command line arguments: ['/usr/bin/colcon', 'build', '--symlink-install']
[0.069s] DEBUG:colcon:Parsed command line arguments: Namespace(log_base=None, log_level=None, verb_name='build', build_base='build', install_base='install', merge_install=False, symlink_install=True, test_result_base=None, continue_on_error=False, executor='parallel', parallel_workers=12, event_handlers=None, ignore_user_meta=False, metas=['./colcon.meta'], base_paths=['.'], packages_ignore=None, packages_ignore_regex=None, paths=None, packages_up_to=None, packages_up_to_regex=None, packages_above=None, packages_above_and_dependencies=None, packages_above_depth=None, packages_select_by_dep=None, packages_skip_by_dep=None, packages_skip_up_to=None, packages_select_build_failed=False, packages_skip_build_finished=False, packages_select_test_failures=False, packages_skip_test_passed=False, packages_select=None, packages_skip=None, packages_select_regex=None, packages_skip_regex=None, packages_start=None, packages_end=None, allow_overriding=[], cmake_args=None, cmake_target=None, cmake_target_skip_unavailable=False, cmake_clean_cache=False, cmake_clean_first=False, cmake_force_configure=False, ament_cmake_args=None, catkin_cmake_args=None, catkin_skip_building_tests=False, verb_parser=<colcon_defaults.argument_parser.defaults.DefaultArgumentsDecorator object at 0x72916c92c580>, verb_extension=<colcon_core.verb.build.BuildVerb object at 0x72916ca71960>, main=<bound method BuildVerb.main of <colcon_core.verb.build.BuildVerb object at 0x72916ca71960>>)
[0.170s] Level 1:colcon.colcon_core.package_discovery:discover_packages(colcon_meta) check parameters
[0.170s] Level 1:colcon.colcon_core.package_discovery:discover_packages(recursive) check parameters
[0.170s] Level 1:colcon.colcon_core.package_discovery:discover_packages(ignore) check parameters
[0.170s] Level 1:colcon.colcon_core.package_discovery:discover_packages(path) check parameters
[0.170s] Level 1:colcon.colcon_core.package_discovery:discover_packages(colcon_meta) discover
[0.170s] Level 1:colcon.colcon_core.package_discovery:discover_packages(recursive) discover
[0.170s] INFO:colcon.colcon_core.package_discovery:Crawling recursively for packages in '/home/aliure/robot_ws'
[0.171s] Level 1:colcon.colcon_core.package_identification:_identify(.) by extensions ['ignore', 'ignore_ament_install']
[0.171s] Level 1:colcon.colcon_core.package_identification:_identify(.) by extension 'ignore'
[0.171s] Level 1:colcon.colcon_core.package_identification:_identify(.) by extension 'ignore_ament_install'
[0.171s] Level 1:colcon.colcon_core.package_identification:_identify(.) by extensions ['colcon_pkg']
[0.171s] Level 1:colcon.colcon_core.package_identification:_identify(.) by extension 'colcon_pkg'
[0.171s] Level 1:colcon.colcon_core.package_identification:_identify(.) by extensions ['colcon_meta']
[0.171s] Level 1:colcon.colcon_core.package_identification:_identify(.) by extension 'colcon_meta'
[0.171s] Level 1:colcon.colcon_core.package_identification:_identify(.) by extensions ['ros']
[0.171s] Level 1:colcon.colcon_core.package_identification:_identify(.) by extension 'ros'
[0.179s] Level 1:colcon.colcon_core.package_identification:_identify(.) by extensions ['cmake', 'python']
[0.179s] Level 1:colcon.colcon_core.package_identification:_identify(.) by extension 'cmake'
[0.179s] Level 1:colcon.colcon_core.package_identification:_identify(.) by extension 'python'
[0.179s] Level 1:colcon.colcon_core.package_identification:_identify(.) by extensions ['python_setup_py']
[0.179s] Level 1:colcon.colcon_core.package_identification:_identify(.) by extension 'python_setup_py'
[0.179s] Level 1:colcon.colcon_core.package_identification:_identify(build) by extensions ['ignore', 'ignore_ament_install']
[0.179s] Level 1:colcon.colcon_core.package_identification:_identify(build) by extension 'ignore'
[0.179s] Level 1:colcon.colcon_core.package_identification:_identify(build) ignored
[0.179s] Level 1:colcon.colcon_core.package_identification:_identify(install) by extensions ['ignore', 'ignore_ament_install']
[0.179s] Level 1:colcon.colcon_core.package_identification:_identify(install) by extension 'ignore'
[0.179s] Level 1:colcon.colcon_core.package_identification:_identify(install) ignored
[0.179s] Level 1:colcon.colcon_core.package_identification:_identify(log) by extensions ['ignore', 'ignore_ament_install']
[0.179s] Level 1:colcon.colcon_core.package_identification:_identify(log) by extension 'ignore'
[0.179s] Level 1:colcon.colcon_core.package_identification:_identify(log) ignored
[0.179s] Level 1:colcon.colcon_core.package_identification:_identify(src) by extensions ['ignore', 'ignore_ament_install']
[0.179s] Level 1:colcon.colcon_core.package_identification:_identify(src) by extension 'ignore'
[0.179s] Level 1:colcon.colcon_core.package_identification:_identify(src) by extension 'ignore_ament_install'
[0.179s] Level 1:colcon.colcon_core.package_identification:_identify(src) by extensions ['colcon_pkg']
[0.179s] Level 1:colcon.colcon_core.package_identification:_identify(src) by extension 'colcon_pkg'
[0.179s] Level 1:colcon.colcon_core.package_identification:_identify(src) by extensions ['colcon_meta']
[0.179s] Level 1:colcon.colcon_core.package_identification:_identify(src) by extension 'colcon_meta'
[0.179s] Level 1:colcon.colcon_core.package_identification:_identify(src) by extensions ['ros']
[0.180s] Level 1:colcon.colcon_core.package_identification:_identify(src) by extension 'ros'
[0.180s] Level 1:colcon.colcon_core.package_identification:_identify(src) by extensions ['cmake', 'python']
[0.180s] Level 1:colcon.colcon_core.package_identification:_identify(src) by extension 'cmake'
[0.180s] Level 1:colcon.colcon_core.package_identification:_identify(src) by extension 'python'
[0.180s] Level 1:colcon.colcon_core.package_identification:_identify(src) by extensions ['python_setup_py']
[0.180s] Level 1:colcon.colcon_core.package_identification:_identify(src) by extension 'python_setup_py'
[0.180s] Level 1:colcon.colcon_core.package_identification:_identify(src/ball_chaser) by extensions ['ignore', 'ignore_ament_install']
[0.180s] Level 1:colcon.colcon_core.package_identification:_identify(src/ball_chaser) by extension 'ignore'
[0.180s] Level 1:colcon.colcon_core.package_identification:_identify(src/ball_chaser) by extension 'ignore_ament_install'
[0.180s] Level 1:colcon.colcon_core.package_identification:_identify(src/ball_chaser) by extensions ['colcon_pkg']
[0.180s] Level 1:colcon.colcon_core.package_identification:_identify(src/ball_chaser) by extension 'colcon_pkg'
[0.180s] Level 1:colcon.colcon_core.package_identification:_identify(src/ball_chaser) by extensions ['colcon_meta']
[0.180s] Level 1:colcon.colcon_core.package_identification:_identify(src/ball_chaser) by extension 'colcon_meta'
[0.180s] Level 1:colcon.colcon_core.package_identification:_identify(src/ball_chaser) by extensions ['ros']
[0.180s] Level 1:colcon.colcon_core.package_identification:_identify(src/ball_chaser) by extension 'ros'
[0.181s] DEBUG:colcon.colcon_core.package_identification:Package 'src/ball_chaser' with type 'ros.ament_python' and name 'ball_chaser'
[0.181s] Level 1:colcon.colcon_core.package_identification:_identify(src/my_robot_bringup) by extensions ['ignore', 'ignore_ament_install']
[0.182s] Level 1:colcon.colcon_core.package_identification:_identify(src/my_robot_bringup) by extension 'ignore'
[0.182s] Level 1:colcon.colcon_core.package_identification:_identify(src/my_robot_bringup) by extension 'ignore_ament_install'
[0.182s] Level 1:colcon.colcon_core.package_identification:_identify(src/my_robot_bringup) by extensions ['colcon_pkg']
[0.182s] Level 1:colcon.colcon_core.package_identification:_identify(src/my_robot_bringup) by extension 'colcon_pkg'
[0.182s] Level 1:colcon.colcon_core.package_identification:_identify(src/my_robot_bringup) by extensions ['colcon_meta']
[0.182s] Level 1:colcon.colcon_core.package_identification:_identify(src/my_robot_bringup) by extension 'colcon_meta'
[0.182s] Level 1:colcon.colcon_core.package_identification:_identify(src/my_robot_bringup) by extensions ['ros']
[0.182s] Level 1:colcon.colcon_core.package_identification:_identify(src/my_robot_bringup) by extension 'ros'
[0.183s] DEBUG:colcon.colcon_core.package_identification:Package 'src/my_robot_bringup' with type 'ros.ament_python' and name 'my_robot_bringup'
[0.183s] Level 1:colcon.colcon_core.package_identification:_identify(src/my_robot_control) by extensions ['ignore', 'ignore_ament_install']
[0.183s] Level 1:colcon.colcon_core.package_identification:_identify(src/my_robot_control) by extension 'ignore'
[0.183s] Level 1:colcon.colcon_core.package_identification:_identify(src/my_robot_control) by extension 'ignore_ament_install'
[0.183s] Level 1:colcon.colcon_core.package_identification:_identify(src/my_robot_control) by extensions ['colcon_pkg']
[0.183s] Level 1:colcon.colcon_core.package_identification:_identify(src/my_robot_control) by extension 'colcon_pkg'
[0.183s] Level 1:colcon.colcon_core.package_identification:_identify(src/my_robot_control) by extensions ['colcon_meta']
[0.183s] Level 1:colcon.colcon_core.package_identification:_identify(src/my_robot_control) by extension 'colcon_meta'
[0.183s] Level 1:colcon.colcon_core.package_identification:_identify(src/my_robot_control) by extensions ['ros']
[0.183s] Level 1:colcon.colcon_core.package_identification:_identify(src/my_robot_control) by extension 'ros'
[0.184s] DEBUG:colcon.colcon_core.package_identification:Package 'src/my_robot_control' with type 'ros.ament_cmake' and name 'my_robot_control'
[0.184s] Level 1:colcon.colcon_core.package_identification:_identify(src/my_robot_description) by extensions ['ignore', 'ignore_ament_install']
[0.184s] Level 1:colcon.colcon_core.package_identification:_identify(src/my_robot_description) by extension 'ignore'
[0.184s] Level 1:colcon.colcon_core.package_identification:_identify(src/my_robot_description) by extension 'ignore_ament_install'
[0.184s] Level 1:colcon.colcon_core.package_identification:_identify(src/my_robot_description) by extensions ['colcon_pkg']
[0.185s] Level 1:colcon.colcon_core.package_identification:_identify(src/my_robot_description) by extension 'colcon_pkg'
[0.185s] Level 1:colcon.colcon_core.package_identification:_identify(src/my_robot_description) by extensions ['colcon_meta']
[0.185s] Level 1:colcon.colcon_core.package_identification:_identify(src/my_robot_description) by extension 'colcon_meta'
[0.185s] Level 1:colcon.colcon_core.package_identification:_identify(src/my_robot_description) by extensions ['ros']
[0.185s] Level 1:colcon.colcon_core.package_identification:_identify(src/my_robot_description) by extension 'ros'
[0.185s] DEBUG:colcon.colcon_core.package_identification:Package 'src/my_robot_description' with type 'ros.ament_cmake' and name 'my_robot_description'
[0.185s] Level 1:colcon.colcon_core.package_identification:_identify(worlds) by extensions ['ignore', 'ignore_ament_install']
[0.185s] Level 1:colcon.colcon_core.package_identification:_identify(worlds) by extension 'ignore'
[0.185s] Level 1:colcon.colcon_core.package_identification:_identify(worlds) by extension 'ignore_ament_install'
[0.185s] Level 1:colcon.colcon_core.package_identification:_identify(worlds) by extensions ['colcon_pkg']
[0.185s] Level 1:colcon.colcon_core.package_identification:_identify(worlds) by extension 'colcon_pkg'
[0.185s] Level 1:colcon.colcon_core.package_identification:_identify(worlds) by extensions ['colcon_meta']
[0.185s] Level 1:colcon.colcon_core.package_identification:_identify(worlds) by extension 'colcon_meta'
[0.185s] Level 1:colcon.colcon_core.package_identification:_identify(worlds) by extensions ['ros']
[0.185s] Level 1:colcon.colcon_core.package_identification:_identify(worlds) by extension 'ros'
[0.185s] Level 1:colcon.colcon_core.package_identification:_identify(worlds) by extensions ['cmake', 'python']
[0.185s] Level 1:colcon.colcon_core.package_identification:_identify(worlds) by extension 'cmake'
[0.185s] Level 1:colcon.colcon_core.package_identification:_identify(worlds) by extension 'python'
[0.185s] Level 1:colcon.colcon_core.package_identification:_identify(worlds) by extensions ['python_setup_py']
[0.185s] Level 1:colcon.colcon_core.package_identification:_identify(worlds) by extension 'python_setup_py'
[0.185s] Level 1:colcon.colcon_core.package_discovery:discover_packages(recursive) using defaults
[0.186s] Level 1:colcon.colcon_core.package_discovery:discover_packages(ignore) discover
[0.186s] Level 1:colcon.colcon_core.package_discovery:discover_packages(ignore) using defaults
[0.186s] Level 1:colcon.colcon_core.package_discovery:discover_packages(path) discover
[0.186s] Level 1:colcon.colcon_core.package_discovery:discover_packages(path) using defaults
[0.212s] Level 1:colcon.colcon_core.package_discovery:discover_packages(prefix_path) check parameters
[0.212s] Level 1:colcon.colcon_core.package_discovery:discover_packages(prefix_path) discover
[0.214s] DEBUG:colcon.colcon_installed_package_information.package_discovery:Found 4 installed packages in /home/aliure/robot_ws/install
[0.215s] DEBUG:colcon.colcon_installed_package_information.package_discovery:Found 396 installed packages in /opt/ros/humble
[0.216s] Level 1:colcon.colcon_core.package_discovery:discover_packages(prefix_path) using defaults
[0.244s] Level 5:colcon.colcon_core.verb:set package 'ball_chaser' build argument 'cmake_args' from command line to 'None'
[0.244s] Level 5:colcon.colcon_core.verb:set package 'ball_chaser' build argument 'cmake_target' from command line to 'None'
[0.244s] Level 5:colcon.colcon_core.verb:set package 'ball_chaser' build argument 'cmake_target_skip_unavailable' from command line to 'False'
[0.244s] Level 5:colcon.colcon_core.verb:set package 'ball_chaser' build argument 'cmake_clean_cache' from command line to 'False'
[0.244s] Level 5:colcon.colcon_core.verb:set package 'ball_chaser' build argument 'cmake_clean_first' from command line to 'False'
[0.244s] Level 5:colcon.colcon_core.verb:set package 'ball_chaser' build argument 'cmake_force_configure' from command line to 'False'
[0.244s] Level 5:colcon.colcon_core.verb:set package 'ball_chaser' build argument 'ament_cmake_args' from command line to 'None'
[0.244s] Level 5:colcon.colcon_core.verb:set package 'ball_chaser' build argument 'catkin_cmake_args' from command line to 'None'
[0.244s] Level 5:colcon.colcon_core.verb:set package 'ball_chaser' build argument 'catkin_skip_building_tests' from command line to 'False'
[0.244s] DEBUG:colcon.colcon_core.verb:Building package 'ball_chaser' with the following arguments: {'ament_cmake_args': None, 'build_base': '/home/aliure/robot_ws/build/ball_chaser', 'catkin_cmake_args': None, 'catkin_skip_building_tests': False, 'cmake_args': None, 'cmake_clean_cache': False, 'cmake_clean_first': False, 'cmake_force_configure': False, 'cmake_target': None, 'cmake_target_skip_unavailable': False, 'install_base': '/home/aliure/robot_ws/install/ball_chaser', 'merge_install': False, 'path': '/home/aliure/robot_ws/src/ball_chaser', 'symlink_install': True, 'test_result_base': None}
[0.244s] Level 5:colcon.colcon_core.verb:set package 'my_robot_bringup' build argument 'cmake_args' from command line to 'None'
[0.244s] Level 5:colcon.colcon_core.verb:set package 'my_robot_bringup' build argument 'cmake_target' from command line to 'None'
[0.244s] Level 5:colcon.colcon_core.verb:set package 'my_robot_bringup' build argument 'cmake_target_skip_unavailable' from command line to 'False'
[0.244s] Level 5:colcon.colcon_core.verb:set package 'my_robot_bringup' build argument 'cmake_clean_cache' from command line to 'False'
[0.244s] Level 5:colcon.colcon_core.verb:set package 'my_robot_bringup' build argument 'cmake_clean_first' from command line to 'False'
[0.244s] Level 5:colcon.colcon_core.verb:set package 'my_robot_bringup' build argument 'cmake_force_configure' from command line to 'False'
[0.244s] Level 5:colcon.colcon_core.verb:set package 'my_robot_bringup' build argument 'ament_cmake_args' from command line to 'None'
[0.244s] Level 5:colcon.colcon_core.verb:set package 'my_robot_bringup' build argument 'catkin_cmake_args' from command line to 'None'
[0.244s] Level 5:colcon.colcon_core.verb:set package 'my_robot_bringup' build argument 'catkin_skip_building_tests' from command line to 'False'
[0.244s] DEBUG:colcon.colcon_core.verb:Building package 'my_robot_bringup' with the following arguments: {'ament_cmake_args': None, 'build_base': '/home/aliure/robot_ws/build/my_robot_bringup', 'catkin_cmake_args': None, 'catkin_skip_building_tests': False, 'cmake_args': None, 'cmake_clean_cache': False, 'cmake_clean_first': False, 'cmake_force_configure': False, 'cmake_target': None, 'cmake_target_skip_unavailable': False, 'install_base': '/home/aliure/robot_ws/install/my_robot_bringup', 'merge_install': False, 'path': '/home/aliure/robot_ws/src/my_robot_bringup', 'symlink_install': True, 'test_result_base': None}
[0.245s] Level 5:colcon.colcon_core.verb:set package 'my_robot_control' build argument 'cmake_args' from command line to 'None'
[0.245s] Level 5:colcon.colcon_core.verb:set package 'my_robot_control' build argument 'cmake_target' from command line to 'None'
[0.245s] Level 5:colcon.colcon_core.verb:set package 'my_robot_control' build argument 'cmake_target_skip_unavailable' from command line to 'False'
[0.245s] Level 5:colcon.colcon_core.verb:set package 'my_robot_control' build argument 'cmake_clean_cache' from command line to 'False'
[0.245s] Level 5:colcon.colcon_core.verb:set package 'my_robot_control' build argument 'cmake_clean_first' from command line to 'False'
[0.245s] Level 5:colcon.colcon_core.verb:set package 'my_robot_control' build argument 'cmake_force_configure' from command line to 'False'
[0.245s] Level 5:colcon.colcon_core.verb:set package 'my_robot_control' build argument 'ament_cmake_args' from command line to 'None'
[0.245s] Level 5:colcon.colcon_core.verb:set package 'my_robot_control' build argument 'catkin_cmake_args' from command line to 'None'
[0.245s] Level 5:colcon.colcon_core.verb:set package 'my_robot_control' build argument 'catkin_skip_building_tests' from command line to 'False'
[0.245s] DEBUG:colcon.colcon_core.verb:Building package 'my_robot_control' with the following arguments: {'ament_cmake_args': None, 'build_base': '/home/aliure/robot_ws/build/my_robot_control', 'catkin_cmake_args': None, 'catkin_skip_building_tests': False, 'cmake_args': None, 'cmake_clean_cache': False, 'cmake_clean_first': False, 'cmake_force_configure': False, 'cmake_target': None, 'cmake_target_skip_unavailable': False, 'install_base': '/home/aliure/robot_ws/install/my_robot_control', 'merge_install': False, 'path': '/home/aliure/robot_ws/src/my_robot_control', 'symlink_install': True, 'test_result_base': None}
[0.245s] Level 5:colcon.colcon_core.verb:set package 'my_robot_description' build argument 'cmake_args' from command line to 'None'
[0.245s] Level 5:colcon.colcon_core.verb:set package 'my_robot_description' build argument 'cmake_target' from command line to 'None'
[0.245s] Level 5:colcon.colcon_core.verb:set package 'my_robot_description' build argument 'cmake_target_skip_unavailable' from command line to 'False'
[0.245s] Level 5:colcon.colcon_core.verb:set package 'my_robot_description' build argument 'cmake_clean_cache' from command line to 'False'
[0.245s] Level 5:colcon.colcon_core.verb:set package 'my_robot_description' build argument 'cmake_clean_first' from command line to 'False'
[0.245s] Level 5:colcon.colcon_core.verb:set package 'my_robot_description' build argument 'cmake_force_configure' from command line to 'False'
[0.245s] Level 5:colcon.colcon_core.verb:set package 'my_robot_description' build argument 'ament_cmake_args' from command line to 'None'
[0.245s] Level 5:colcon.colcon_core.verb:set package 'my_robot_description' build argument 'catkin_cmake_args' from command line to 'None'
[0.245s] Level 5:colcon.colcon_core.verb:set package 'my_robot_description' build argument 'catkin_skip_building_tests' from command line to 'False'
[0.245s] DEBUG:colcon.colcon_core.verb:Building package 'my_robot_description' with the following arguments: {'ament_cmake_args': None, 'build_base': '/home/aliure/robot_ws/build/my_robot_description', 'catkin_cmake_args': None, 'catkin_skip_building_tests': False, 'cmake_args': None, 'cmake_clean_cache': False, 'cmake_clean_first': False, 'cmake_force_configure': False, 'cmake_target': None, 'cmake_target_skip_unavailable': False, 'install_base': '/home/aliure/robot_ws/install/my_robot_description', 'merge_install': False, 'path': '/home/aliure/robot_ws/src/my_robot_description', 'symlink_install': True, 'test_result_base': None}
[0.245s] INFO:colcon.colcon_core.executor:Executing jobs using 'parallel' executor
[0.246s] DEBUG:colcon.colcon_parallel_executor.executor.parallel:run_until_complete
[0.246s] INFO:colcon.colcon_ros.task.ament_python.build:Building ROS package in '/home/aliure/robot_ws/src/ball_chaser' with build type 'ament_python'
[0.246s] Level 1:colcon.colcon_core.shell:create_environment_hook('ball_chaser', 'ament_prefix_path')
[0.248s] INFO:colcon.colcon_core.plugin_system:Skipping extension 'colcon_core.shell.bat': Not used on non-Windows systems
[0.248s] INFO:colcon.colcon_core.shell:Creating environment hook '/home/aliure/robot_ws/install/ball_chaser/share/ball_chaser/hook/ament_prefix_path.ps1'
[0.249s] INFO:colcon.colcon_core.shell:Creating environment descriptor '/home/aliure/robot_ws/install/ball_chaser/share/ball_chaser/hook/ament_prefix_path.dsv'
[0.249s] INFO:colcon.colcon_core.shell:Creating environment hook '/home/aliure/robot_ws/install/ball_chaser/share/ball_chaser/hook/ament_prefix_path.sh'
[0.250s] INFO:colcon.colcon_core.shell:Skip shell extension 'powershell' for command environment: Not usable outside of PowerShell
[0.250s] DEBUG:colcon.colcon_core.shell:Skip shell extension 'dsv' for command environment
[0.252s] INFO:colcon.colcon_ros.task.ament_python.build:Building ROS package in '/home/aliure/robot_ws/src/my_robot_bringup' with build type 'ament_python'
[0.252s] Level 1:colcon.colcon_core.shell:create_environment_hook('my_robot_bringup', 'ament_prefix_path')
[0.253s] INFO:colcon.colcon_core.shell:Creating environment hook '/home/aliure/robot_ws/install/my_robot_bringup/share/my_robot_bringup/hook/ament_prefix_path.ps1'
[0.253s] INFO:colcon.colcon_core.shell:Creating environment descriptor '/home/aliure/robot_ws/install/my_robot_bringup/share/my_robot_bringup/hook/ament_prefix_path.dsv'
[0.253s] INFO:colcon.colcon_core.shell:Creating environment hook '/home/aliure/robot_ws/install/my_robot_bringup/share/my_robot_bringup/hook/ament_prefix_path.sh'
[0.253s] INFO:colcon.colcon_core.shell:Skip shell extension 'powershell' for command environment: Not usable outside of PowerShell
[0.253s] DEBUG:colcon.colcon_core.shell:Skip shell extension 'dsv' for command environment
[0.256s] INFO:colcon.colcon_ros.task.ament_cmake.build:Building ROS package in '/home/aliure/robot_ws/src/my_robot_control' with build type 'ament_cmake'
[0.256s] INFO:colcon.colcon_cmake.task.cmake.build:Building CMake package in '/home/aliure/robot_ws/src/my_robot_control'
[0.256s] INFO:colcon.colcon_core.shell:Skip shell extension 'powershell' for command environment: Not usable outside of PowerShell
[0.256s] DEBUG:colcon.colcon_core.shell:Skip shell extension 'dsv' for command environment
[0.258s] INFO:colcon.colcon_ros.task.ament_cmake.build:Building ROS package in '/home/aliure/robot_ws/src/my_robot_description' with build type 'ament_cmake'
[0.258s] INFO:colcon.colcon_cmake.task.cmake.build:Building CMake package in '/home/aliure/robot_ws/src/my_robot_description'
[0.258s] INFO:colcon.colcon_core.shell:Skip shell extension 'powershell' for command environment: Not usable outside of PowerShell
[0.258s] DEBUG:colcon.colcon_core.shell:Skip shell extension 'dsv' for command environment
[0.434s] INFO:colcon.colcon_core.task.python.build:Building Python package in '/home/aliure/robot_ws/src/ball_chaser'
[0.434s] INFO:colcon.colcon_core.shell:Skip shell extension 'powershell' for command environment: Not usable outside of PowerShell
[0.434s] DEBUG:colcon.colcon_core.shell:Skip shell extension 'dsv' for command environment
[0.599s] INFO:colcon.colcon_core.task.python.build:Building Python package in '/home/aliure/robot_ws/src/my_robot_bringup'
[0.600s] INFO:colcon.colcon_core.shell:Skip shell extension 'powershell' for command environment: Not usable outside of PowerShell
[0.600s] DEBUG:colcon.colcon_core.shell:Skip shell extension 'dsv' for command environment
[0.606s] DEBUG:colcon.colcon_core.event_handler.log_command:Invoking command in '/home/aliure/robot_ws/build/my_robot_control': CMAKE_PREFIX_PATH=${CMAKE_PREFIX_PATH}:/home/aliure/robot_ws/install/my_robot_bringup:/home/aliure/robot_ws/install/ball_chaser:/opt/ros/humble /usr/bin/cmake --build /home/aliure/robot_ws/build/my_robot_control -- -j12 -l12
[0.608s] DEBUG:colcon.colcon_core.event_handler.log_command:Invoking command in '/home/aliure/robot_ws/build/my_robot_description': CMAKE_PREFIX_PATH=${CMAKE_PREFIX_PATH}:/home/aliure/robot_ws/install/my_robot_bringup:/home/aliure/robot_ws/install/ball_chaser:/opt/ros/humble /usr/bin/cmake --build /home/aliure/robot_ws/build/my_robot_description -- -j12 -l12
[0.655s] DEBUG:colcon.colcon_core.event_handler.log_command:Invoked command in '/home/aliure/robot_ws/build/my_robot_description' returned '0': CMAKE_PREFIX_PATH=${CMAKE_PREFIX_PATH}:/home/aliure/robot_ws/install/my_robot_bringup:/home/aliure/robot_ws/install/ball_chaser:/opt/ros/humble /usr/bin/cmake --build /home/aliure/robot_ws/build/my_robot_description -- -j12 -l12
[0.664s] DEBUG:colcon.colcon_core.event_handler.log_command:Invoking command in '/home/aliure/robot_ws/build/my_robot_description': CMAKE_PREFIX_PATH=${CMAKE_PREFIX_PATH}:/home/aliure/robot_ws/install/my_robot_bringup:/home/aliure/robot_ws/install/ball_chaser:/opt/ros/humble /usr/bin/cmake --install /home/aliure/robot_ws/build/my_robot_description
[0.666s] DEBUG:colcon.colcon_core.event_handler.log_command:Invoked command in '/home/aliure/robot_ws/build/my_robot_control' returned '0': CMAKE_PREFIX_PATH=${CMAKE_PREFIX_PATH}:/home/aliure/robot_ws/install/my_robot_bringup:/home/aliure/robot_ws/install/ball_chaser:/opt/ros/humble /usr/bin/cmake --build /home/aliure/robot_ws/build/my_robot_control -- -j12 -l12
[0.668s] DEBUG:colcon.colcon_core.event_handler.log_command:Invoking command in '/home/aliure/robot_ws/build/my_robot_control': CMAKE_PREFIX_PATH=${CMAKE_PREFIX_PATH}:/home/aliure/robot_ws/install/my_robot_bringup:/home/aliure/robot_ws/install/ball_chaser:/opt/ros/humble /usr/bin/cmake --install /home/aliure/robot_ws/build/my_robot_control
[0.686s] Level 1:colcon.colcon_core.environment:create_environment_scripts_only(my_robot_control)
[0.686s] DEBUG:colcon.colcon_core.event_handler.log_command:Invoked command in '/home/aliure/robot_ws/build/my_robot_control' returned '0': CMAKE_PREFIX_PATH=${CMAKE_PREFIX_PATH}:/home/aliure/robot_ws/install/my_robot_bringup:/home/aliure/robot_ws/install/ball_chaser:/opt/ros/humble /usr/bin/cmake --install /home/aliure/robot_ws/build/my_robot_control
[0.688s] Level 1:colcon.colcon_core.environment:checking '/home/aliure/robot_ws/install/my_robot_control' for CMake module files
[0.688s] Level 1:colcon.colcon_core.environment:checking '/home/aliure/robot_ws/install/my_robot_control' for CMake config files
[0.688s] Level 1:colcon.colcon_core.shell:create_environment_hook('my_robot_control', 'cmake_prefix_path')
[0.688s] INFO:colcon.colcon_core.shell:Creating environment hook '/home/aliure/robot_ws/install/my_robot_control/share/my_robot_control/hook/cmake_prefix_path.ps1'
[0.689s] INFO:colcon.colcon_core.shell:Creating environment descriptor '/home/aliure/robot_ws/install/my_robot_control/share/my_robot_control/hook/cmake_prefix_path.dsv'
[0.689s] INFO:colcon.colcon_core.shell:Creating environment hook '/home/aliure/robot_ws/install/my_robot_control/share/my_robot_control/hook/cmake_prefix_path.sh'
[0.689s] Level 1:colcon.colcon_core.environment:checking '/home/aliure/robot_ws/install/my_robot_control/bin'
[0.689s] Level 1:colcon.colcon_core.environment:checking '/home/aliure/robot_ws/install/my_robot_control/lib/pkgconfig/my_robot_control.pc'
[0.690s] Level 1:colcon.colcon_core.environment:checking '/home/aliure/robot_ws/install/my_robot_control/lib/python3.10/site-packages'
[0.690s] Level 1:colcon.colcon_core.environment:checking '/home/aliure/robot_ws/install/my_robot_control/bin'
[0.690s] INFO:colcon.colcon_core.shell:Creating package script '/home/aliure/robot_ws/install/my_robot_control/share/my_robot_control/package.ps1'
[0.691s] INFO:colcon.colcon_core.shell:Creating package descriptor '/home/aliure/robot_ws/install/my_robot_control/share/my_robot_control/package.dsv'
[0.691s] INFO:colcon.colcon_core.shell:Creating package script '/home/aliure/robot_ws/install/my_robot_control/share/my_robot_control/package.sh'
[0.691s] INFO:colcon.colcon_core.shell:Creating package script '/home/aliure/robot_ws/install/my_robot_control/share/my_robot_control/package.bash'
[0.692s] INFO:colcon.colcon_core.shell:Creating package script '/home/aliure/robot_ws/install/my_robot_control/share/my_robot_control/package.zsh'
[0.692s] Level 1:colcon.colcon_core.environment:create_file_with_runtime_dependencies(/home/aliure/robot_ws/install/my_robot_control/share/colcon-core/packages/my_robot_control)
[0.693s] Level 1:colcon.colcon_core.environment:create_environment_scripts_only(my_robot_control)
[0.693s] Level 1:colcon.colcon_core.environment:checking '/home/aliure/robot_ws/install/my_robot_control' for CMake module files
[0.693s] Level 1:colcon.colcon_core.environment:checking '/home/aliure/robot_ws/install/my_robot_control' for CMake config files
[0.693s] Level 1:colcon.colcon_core.shell:create_environment_hook('my_robot_control', 'cmake_prefix_path')
[0.693s] INFO:colcon.colcon_core.shell:Creating environment hook '/home/aliure/robot_ws/install/my_robot_control/share/my_robot_control/hook/cmake_prefix_path.ps1'
[0.693s] INFO:colcon.colcon_core.shell:Creating environment descriptor '/home/aliure/robot_ws/install/my_robot_control/share/my_robot_control/hook/cmake_prefix_path.dsv'
[0.694s] INFO:colcon.colcon_core.shell:Creating environment hook '/home/aliure/robot_ws/install/my_robot_control/share/my_robot_control/hook/cmake_prefix_path.sh'
[0.694s] Level 1:colcon.colcon_core.environment:checking '/home/aliure/robot_ws/install/my_robot_control/bin'
[0.694s] Level 1:colcon.colcon_core.environment:checking '/home/aliure/robot_ws/install/my_robot_control/lib/pkgconfig/my_robot_control.pc'
[0.694s] Level 1:colcon.colcon_core.environment:checking '/home/aliure/robot_ws/install/my_robot_control/lib/python3.10/site-packages'
[0.694s] Level 1:colcon.colcon_core.environment:checking '/home/aliure/robot_ws/install/my_robot_control/bin'
[0.695s] INFO:colcon.colcon_core.shell:Creating package script '/home/aliure/robot_ws/install/my_robot_control/share/my_robot_control/package.ps1'
[0.695s] INFO:colcon.colcon_core.shell:Creating package descriptor '/home/aliure/robot_ws/install/my_robot_control/share/my_robot_control/package.dsv'
[0.695s] INFO:colcon.colcon_core.shell:Creating package script '/home/aliure/robot_ws/install/my_robot_control/share/my_robot_control/package.sh'
[0.696s] INFO:colcon.colcon_core.shell:Creating package script '/home/aliure/robot_ws/install/my_robot_control/share/my_robot_control/package.bash'
[0.696s] INFO:colcon.colcon_core.shell:Creating package script '/home/aliure/robot_ws/install/my_robot_control/share/my_robot_control/package.zsh'
[0.696s] Level 1:colcon.colcon_core.environment:create_file_with_runtime_dependencies(/home/aliure/robot_ws/install/my_robot_control/share/colcon-core/packages/my_robot_control)
[0.697s] Level 1:colcon.colcon_core.environment:create_environment_scripts_only(my_robot_description)
[0.697s] Level 1:colcon.colcon_core.environment:checking '/home/aliure/robot_ws/install/my_robot_description' for CMake module files
[0.698s] Level 1:colcon.colcon_core.environment:checking '/home/aliure/robot_ws/install/my_robot_description' for CMake config files
[0.699s] DEBUG:colcon.colcon_core.event_handler.log_command:Invoked command in '/home/aliure/robot_ws/build/my_robot_description' returned '0': CMAKE_PREFIX_PATH=${CMAKE_PREFIX_PATH}:/home/aliure/robot_ws/install/my_robot_bringup:/home/aliure/robot_ws/install/ball_chaser:/opt/ros/humble /usr/bin/cmake --install /home/aliure/robot_ws/build/my_robot_description
[0.699s] Level 1:colcon.colcon_core.shell:create_environment_hook('my_robot_description', 'cmake_prefix_path')
[0.699s] INFO:colcon.colcon_core.shell:Creating environment hook '/home/aliure/robot_ws/install/my_robot_description/share/my_robot_description/hook/cmake_prefix_path.ps1'
[0.699s] INFO:colcon.colcon_core.shell:Creating environment descriptor '/home/aliure/robot_ws/install/my_robot_description/share/my_robot_description/hook/cmake_prefix_path.dsv'
[0.700s] INFO:colcon.colcon_core.shell:Creating environment hook '/home/aliure/robot_ws/install/my_robot_description/share/my_robot_description/hook/cmake_prefix_path.sh'
[0.700s] Level 1:colcon.colcon_core.environment:checking '/home/aliure/robot_ws/install/my_robot_description/bin'
[0.700s] Level 1:colcon.colcon_core.environment:checking '/home/aliure/robot_ws/install/my_robot_description/lib/pkgconfig/my_robot_description.pc'
[0.700s] Level 1:colcon.colcon_core.environment:checking '/home/aliure/robot_ws/install/my_robot_description/lib/python3.10/site-packages'
[0.700s] Level 1:colcon.colcon_core.environment:checking '/home/aliure/robot_ws/install/my_robot_description/bin'
[0.700s] INFO:colcon.colcon_core.shell:Creating package script '/home/aliure/robot_ws/install/my_robot_description/share/my_robot_description/package.ps1'
[0.701s] INFO:colcon.colcon_core.shell:Creating package descriptor '/home/aliure/robot_ws/install/my_robot_description/share/my_robot_description/package.dsv'
[0.701s] INFO:colcon.colcon_core.shell:Creating package script '/home/aliure/robot_ws/install/my_robot_description/share/my_robot_description/package.sh'
[0.701s] INFO:colcon.colcon_core.shell:Creating package script '/home/aliure/robot_ws/install/my_robot_description/share/my_robot_description/package.bash'
[0.702s] INFO:colcon.colcon_core.shell:Creating package script '/home/aliure/robot_ws/install/my_robot_description/share/my_robot_description/package.zsh'
[0.702s] Level 1:colcon.colcon_core.environment:create_file_with_runtime_dependencies(/home/aliure/robot_ws/install/my_robot_description/share/colcon-core/packages/my_robot_description)
[0.702s] Level 1:colcon.colcon_core.environment:create_environment_scripts_only(my_robot_description)
[0.702s] Level 1:colcon.colcon_core.environment:checking '/home/aliure/robot_ws/install/my_robot_description' for CMake module files
[0.702s] Level 1:colcon.colcon_core.environment:checking '/home/aliure/robot_ws/install/my_robot_description' for CMake config files
[0.703s] Level 1:colcon.colcon_core.shell:create_environment_hook('my_robot_description', 'cmake_prefix_path')
[0.703s] INFO:colcon.colcon_core.shell:Creating environment hook '/home/aliure/robot_ws/install/my_robot_description/share/my_robot_description/hook/cmake_prefix_path.ps1'
[0.703s] INFO:colcon.colcon_core.shell:Creating environment descriptor '/home/aliure/robot_ws/install/my_robot_description/share/my_robot_description/hook/cmake_prefix_path.dsv'
[0.703s] INFO:colcon.colcon_core.shell:Creating environment hook '/home/aliure/robot_ws/install/my_robot_description/share/my_robot_description/hook/cmake_prefix_path.sh'
[0.704s] Level 1:colcon.colcon_core.environment:checking '/home/aliure/robot_ws/install/my_robot_description/bin'
[0.704s] Level 1:colcon.colcon_core.environment:checking '/home/aliure/robot_ws/install/my_robot_description/lib/pkgconfig/my_robot_description.pc'
[0.704s] Level 1:colcon.colcon_core.environment:checking '/home/aliure/robot_ws/install/my_robot_description/lib/python3.10/site-packages'
[0.704s] Level 1:colcon.colcon_core.environment:checking '/home/aliure/robot_ws/install/my_robot_description/bin'
[0.704s] INFO:colcon.colcon_core.shell:Creating package script '/home/aliure/robot_ws/install/my_robot_description/share/my_robot_description/package.ps1'
[0.704s] INFO:colcon.colcon_core.shell:Creating package descriptor '/home/aliure/robot_ws/install/my_robot_description/share/my_robot_description/package.dsv'
[0.705s] INFO:colcon.colcon_core.shell:Creating package script '/home/aliure/robot_ws/install/my_robot_description/share/my_robot_description/package.sh'
[0.705s] INFO:colcon.colcon_core.shell:Creating package script '/home/aliure/robot_ws/install/my_robot_description/share/my_robot_description/package.bash'
[0.705s] INFO:colcon.colcon_core.shell:Creating package script '/home/aliure/robot_ws/install/my_robot_description/share/my_robot_description/package.zsh'
[0.705s] Level 1:colcon.colcon_core.environment:create_file_with_runtime_dependencies(/home/aliure/robot_ws/install/my_robot_description/share/colcon-core/packages/my_robot_description)
[0.876s] DEBUG:colcon.colcon_core.event_handler.log_command:Invoking command in '/home/aliure/robot_ws/build/ball_chaser': PYTHONPATH=/home/aliure/robot_ws/build/ball_chaser/prefix_override:/usr/lib/python3/dist-packages/colcon_core/task/python/colcon_distutils_commands:/home/aliure/robot_ws/install/ball_chaser/lib/python3.10/site-packages:${PYTHONPATH} /usr/bin/python3 -W ignore:setup.py install is deprecated -W ignore:easy_install command is deprecated setup.py develop --editable --build-directory /home/aliure/robot_ws/build/ball_chaser/build --no-deps symlink_data
[0.896s] DEBUG:colcon.colcon_core.event_handler.log_command:Invoking command in '/home/aliure/robot_ws/build/my_robot_bringup': PYTHONPATH=/home/aliure/robot_ws/build/my_robot_bringup/prefix_override:/usr/lib/python3/dist-packages/colcon_core/task/python/colcon_distutils_commands:/home/aliure/robot_ws/install/my_robot_bringup/lib/python3.10/site-packages:${PYTHONPATH} /usr/bin/python3 -W ignore:setup.py install is deprecated -W ignore:easy_install command is deprecated setup.py develop --editable --build-directory /home/aliure/robot_ws/build/my_robot_bringup/build --no-deps symlink_data
[1.159s] Level 1:colcon.colcon_core.shell:create_environment_hook('ball_chaser', 'pythonpath_develop')
[1.160s] INFO:colcon.colcon_core.shell:Creating environment hook '/home/aliure/robot_ws/build/ball_chaser/share/ball_chaser/hook/pythonpath_develop.ps1'
[1.160s] DEBUG:colcon.colcon_core.event_handler.log_command:Invoked command in '/home/aliure/robot_ws/build/ball_chaser' returned '0': PYTHONPATH=/home/aliure/robot_ws/build/ball_chaser/prefix_override:/usr/lib/python3/dist-packages/colcon_core/task/python/colcon_distutils_commands:/home/aliure/robot_ws/install/ball_chaser/lib/python3.10/site-packages:${PYTHONPATH} /usr/bin/python3 -W ignore:setup.py install is deprecated -W ignore:easy_install command is deprecated setup.py develop --editable --build-directory /home/aliure/robot_ws/build/ball_chaser/build --no-deps symlink_data
[1.162s] INFO:colcon.colcon_core.shell:Creating environment descriptor '/home/aliure/robot_ws/build/ball_chaser/share/ball_chaser/hook/pythonpath_develop.dsv'
[1.162s] INFO:colcon.colcon_core.shell:Creating environment hook '/home/aliure/robot_ws/build/ball_chaser/share/ball_chaser/hook/pythonpath_develop.sh'
[1.163s] Level 1:colcon.colcon_core.environment:checking '/home/aliure/robot_ws/install/ball_chaser' for CMake module files
[1.163s] Level 1:colcon.colcon_core.environment:checking '/home/aliure/robot_ws/install/ball_chaser' for CMake config files
[1.164s] Level 1:colcon.colcon_core.environment:checking '/home/aliure/robot_ws/install/ball_chaser/lib'
[1.164s] Level 1:colcon.colcon_core.environment:checking '/home/aliure/robot_ws/install/ball_chaser/bin'
[1.164s] Level 1:colcon.colcon_core.environment:checking '/home/aliure/robot_ws/install/ball_chaser/lib/pkgconfig/ball_chaser.pc'
[1.164s] Level 1:colcon.colcon_core.environment:checking '/home/aliure/robot_ws/install/ball_chaser/lib/python3.10/site-packages'
[1.164s] Level 1:colcon.colcon_core.shell:create_environment_hook('ball_chaser', 'pythonpath')
[1.164s] INFO:colcon.colcon_core.shell:Creating environment hook '/home/aliure/robot_ws/install/ball_chaser/share/ball_chaser/hook/pythonpath.ps1'
[1.165s] INFO:colcon.colcon_core.shell:Creating environment descriptor '/home/aliure/robot_ws/install/ball_chaser/share/ball_chaser/hook/pythonpath.dsv'
[1.165s] INFO:colcon.colcon_core.shell:Creating environment hook '/home/aliure/robot_ws/install/ball_chaser/share/ball_chaser/hook/pythonpath.sh'
[1.165s] Level 1:colcon.colcon_core.environment:checking '/home/aliure/robot_ws/install/ball_chaser/bin'
[1.166s] Level 1:colcon.colcon_core.environment:create_environment_scripts_only(ball_chaser)
[1.166s] INFO:colcon.colcon_core.shell:Creating package script '/home/aliure/robot_ws/install/ball_chaser/share/ball_chaser/package.ps1'
[1.166s] INFO:colcon.colcon_core.shell:Creating package descriptor '/home/aliure/robot_ws/install/ball_chaser/share/ball_chaser/package.dsv'
[1.166s] INFO:colcon.colcon_core.shell:Creating package script '/home/aliure/robot_ws/install/ball_chaser/share/ball_chaser/package.sh'
[1.167s] INFO:colcon.colcon_core.shell:Creating package script '/home/aliure/robot_ws/install/ball_chaser/share/ball_chaser/package.bash'
[1.167s] INFO:colcon.colcon_core.shell:Creating package script '/home/aliure/robot_ws/install/ball_chaser/share/ball_chaser/package.zsh'
[1.168s] Level 1:colcon.colcon_core.environment:create_file_with_runtime_dependencies(/home/aliure/robot_ws/install/ball_chaser/share/colcon-core/packages/ball_chaser)
[1.186s] Level 1:colcon.colcon_core.shell:create_environment_hook('my_robot_bringup', 'pythonpath_develop')
[1.186s] INFO:colcon.colcon_core.shell:Creating environment hook '/home/aliure/robot_ws/build/my_robot_bringup/share/my_robot_bringup/hook/pythonpath_develop.ps1'
[1.187s] DEBUG:colcon.colcon_core.event_handler.log_command:Invoked command in '/home/aliure/robot_ws/build/my_robot_bringup' returned '0': PYTHONPATH=/home/aliure/robot_ws/build/my_robot_bringup/prefix_override:/usr/lib/python3/dist-packages/colcon_core/task/python/colcon_distutils_commands:/home/aliure/robot_ws/install/my_robot_bringup/lib/python3.10/site-packages:${PYTHONPATH} /usr/bin/python3 -W ignore:setup.py install is deprecated -W ignore:easy_install command is deprecated setup.py develop --editable --build-directory /home/aliure/robot_ws/build/my_robot_bringup/build --no-deps symlink_data
[1.187s] INFO:colcon.colcon_core.shell:Creating environment descriptor '/home/aliure/robot_ws/build/my_robot_bringup/share/my_robot_bringup/hook/pythonpath_develop.dsv'
[1.187s] INFO:colcon.colcon_core.shell:Creating environment hook '/home/aliure/robot_ws/build/my_robot_bringup/share/my_robot_bringup/hook/pythonpath_develop.sh'
[1.188s] Level 1:colcon.colcon_core.environment:checking '/home/aliure/robot_ws/install/my_robot_bringup' for CMake module files
[1.188s] Level 1:colcon.colcon_core.environment:checking '/home/aliure/robot_ws/install/my_robot_bringup' for CMake config files
[1.188s] Level 1:colcon.colcon_core.environment:checking '/home/aliure/robot_ws/install/my_robot_bringup/lib'
[1.188s] Level 1:colcon.colcon_core.environment:checking '/home/aliure/robot_ws/install/my_robot_bringup/bin'
[1.188s] Level 1:colcon.colcon_core.environment:checking '/home/aliure/robot_ws/install/my_robot_bringup/lib/pkgconfig/my_robot_bringup.pc'
[1.188s] Level 1:colcon.colcon_core.environment:checking '/home/aliure/robot_ws/install/my_robot_bringup/lib/python3.10/site-packages'
[1.188s] Level 1:colcon.colcon_core.shell:create_environment_hook('my_robot_bringup', 'pythonpath')
[1.189s] INFO:colcon.colcon_core.shell:Creating environment hook '/home/aliure/robot_ws/install/my_robot_bringup/share/my_robot_bringup/hook/pythonpath.ps1'
[1.189s] INFO:colcon.colcon_core.shell:Creating environment descriptor '/home/aliure/robot_ws/install/my_robot_bringup/share/my_robot_bringup/hook/pythonpath.dsv'
[1.189s] INFO:colcon.colcon_core.shell:Creating environment hook '/home/aliure/robot_ws/install/my_robot_bringup/share/my_robot_bringup/hook/pythonpath.sh'
[1.189s] Level 1:colcon.colcon_core.environment:checking '/home/aliure/robot_ws/install/my_robot_bringup/bin'
[1.190s] Level 1:colcon.colcon_core.environment:create_environment_scripts_only(my_robot_bringup)
[1.190s] INFO:colcon.colcon_core.shell:Creating package script '/home/aliure/robot_ws/install/my_robot_bringup/share/my_robot_bringup/package.ps1'
[1.190s] INFO:colcon.colcon_core.shell:Creating package descriptor '/home/aliure/robot_ws/install/my_robot_bringup/share/my_robot_bringup/package.dsv'
[1.190s] INFO:colcon.colcon_core.shell:Creating package script '/home/aliure/robot_ws/install/my_robot_bringup/share/my_robot_bringup/package.sh'
[1.191s] INFO:colcon.colcon_core.shell:Creating package script '/home/aliure/robot_ws/install/my_robot_bringup/share/my_robot_bringup/package.bash'
[1.191s] INFO:colcon.colcon_core.shell:Creating package script '/home/aliure/robot_ws/install/my_robot_bringup/share/my_robot_bringup/package.zsh'
[1.191s] Level 1:colcon.colcon_core.environment:create_file_with_runtime_dependencies(/home/aliure/robot_ws/install/my_robot_bringup/share/colcon-core/packages/my_robot_bringup)
[1.191s] DEBUG:colcon.colcon_parallel_executor.executor.parallel:closing loop
[1.191s] DEBUG:colcon.colcon_parallel_executor.executor.parallel:loop closed
[1.192s] DEBUG:colcon.colcon_parallel_executor.executor.parallel:run_until_complete finished with '0'
[1.192s] DEBUG:colcon.colcon_core.event_reactor:joining thread
[1.196s] INFO:colcon.colcon_core.plugin_system:Skipping extension 'colcon_notification.desktop_notification.terminal_notifier': Not used on non-Darwin systems
[1.196s] INFO:colcon.colcon_core.plugin_system:Skipping extension 'colcon_notification.desktop_notification.win32': Not used on non-Windows systems
[1.196s] INFO:colcon.colcon_notification.desktop_notification:Sending desktop notification using 'notify2'
[1.206s] DEBUG:colcon.colcon_core.event_reactor:joined thread
[1.207s] INFO:colcon.colcon_core.shell:Creating prefix script '/home/aliure/robot_ws/install/local_setup.ps1'
[1.208s] INFO:colcon.colcon_core.shell:Creating prefix util module '/home/aliure/robot_ws/install/_local_setup_util_ps1.py'
[1.209s] INFO:colcon.colcon_core.shell:Creating prefix chain script '/home/aliure/robot_ws/install/setup.ps1'
[1.210s] INFO:colcon.colcon_core.shell:Creating prefix script '/home/aliure/robot_ws/install/local_setup.sh'
[1.211s] INFO:colcon.colcon_core.shell:Creating prefix util module '/home/aliure/robot_ws/install/_local_setup_util_sh.py'
[1.211s] INFO:colcon.colcon_core.shell:Creating prefix chain script '/home/aliure/robot_ws/install/setup.sh'
[1.213s] INFO:colcon.colcon_core.shell:Creating prefix script '/home/aliure/robot_ws/install/local_setup.bash'
[1.213s] INFO:colcon.colcon_core.shell:Creating prefix chain script '/home/aliure/robot_ws/install/setup.bash'
[1.214s] INFO:colcon.colcon_core.shell:Creating prefix script '/home/aliure/robot_ws/install/local_setup.zsh'
[1.214s] INFO:colcon.colcon_core.shell:Creating prefix chain script '/home/aliure/robot_ws/install/setup.zsh'
