[0.533s] Invoking command in '/home/aliure/robot_ws/src/my_robot_bringup': PYTHONPATH=/home/aliure/robot_ws/build/my_robot_bringup/prefix_override:/usr/lib/python3/dist-packages/colcon_core/task/python/colcon_distutils_commands:/home/aliure/robot_ws/install/my_robot_bringup/lib/python3.10/site-packages:${PYTHONPATH} /usr/bin/python3 -W ignore:setup.py install is deprecated -W ignore:easy_install command is deprecated setup.py egg_info --egg-base ../../build/my_robot_bringup build --build-base /home/aliure/robot_ws/build/my_robot_bringup/build install --record /home/aliure/robot_ws/build/my_robot_bringup/install.log --single-version-externally-managed install_data
[0.670s] running egg_info
[0.671s] writing ../../build/my_robot_bringup/my_robot_bringup.egg-info/PKG-INFO
[0.671s] writing dependency_links to ../../build/my_robot_bringup/my_robot_bringup.egg-info/dependency_links.txt
[0.671s] writing entry points to ../../build/my_robot_bringup/my_robot_bringup.egg-info/entry_points.txt
[0.672s] writing requirements to ../../build/my_robot_bringup/my_robot_bringup.egg-info/requires.txt
[0.672s] writing top-level names to ../../build/my_robot_bringup/my_robot_bringup.egg-info/top_level.txt
[0.672s] reading manifest file '../../build/my_robot_bringup/my_robot_bringup.egg-info/SOURCES.txt'
[0.672s] writing manifest file '../../build/my_robot_bringup/my_robot_bringup.egg-info/SOURCES.txt'
[0.672s] running build
[0.673s] running build_py
[0.673s] running install
[0.673s] running install_lib
[0.673s] running install_data
[0.673s] running install_egg_info
[0.674s] removing '/home/aliure/robot_ws/install/my_robot_bringup/lib/python3.10/site-packages/my_robot_bringup-0.0.0-py3.10.egg-info' (and everything under it)
[0.675s] Copying ../../build/my_robot_bringup/my_robot_bringup.egg-info to /home/aliure/robot_ws/install/my_robot_bringup/lib/python3.10/site-packages/my_robot_bringup-0.0.0-py3.10.egg-info
[0.675s] running install_scripts
[0.689s] writing list of installed files to '/home/aliure/robot_ws/build/my_robot_bringup/install.log'
[0.709s] Invoked command in '/home/aliure/robot_ws/src/my_robot_bringup' returned '0': PYTHONPATH=/home/aliure/robot_ws/build/my_robot_bringup/prefix_override:/usr/lib/python3/dist-packages/colcon_core/task/python/colcon_distutils_commands:/home/aliure/robot_ws/install/my_robot_bringup/lib/python3.10/site-packages:${PYTHONPATH} /usr/bin/python3 -W ignore:setup.py install is deprecated -W ignore:easy_install command is deprecated setup.py egg_info --egg-base ../../build/my_robot_bringup build --build-base /home/aliure/robot_ws/build/my_robot_bringup/build install --record /home/aliure/robot_ws/build/my_robot_bringup/install.log --single-version-externally-managed install_data
