[0.309s] Invoking command in '/home/aliure/robot_ws/build/my_robot_description': CMAKE_PREFIX_PATH=${CMAKE_PREFIX_PATH}:/home/aliure/robot_ws/install/my_robot_bringup:/home/aliure/robot_ws/install/ball_chaser:/opt/ros/humble /usr/bin/cmake /home/aliure/robot_ws/src/my_robot_description -DAMENT_CMAKE_SYMLINK_INSTALL=1 -DCMAKE_INSTALL_PREFIX=/home/aliure/robot_ws/install/my_robot_description
[0.323s] -- Found ament_cmake: 1.3.12 (/opt/ros/humble/share/ament_cmake/cmake)
[0.430s] -- Override CMake install command with custom implementation using symlinks instead of copying resources
[0.438s] -- Found ament_lint_auto: 0.12.14 (/opt/ros/humble/share/ament_lint_auto/cmake)
[0.503s] -- Added test 'lint_cmake' to check CMake code style
[0.505s] -- Added test 'xmllint' to check XML markup files
[0.506s] -- Configuring done
[0.510s] -- Generating done
[0.512s] -- Build files have been written to: /home/aliure/robot_ws/build/my_robot_description
[0.515s] Invoked command in '/home/aliure/robot_ws/build/my_robot_description' returned '0': CMAKE_PREFIX_PATH=${CMAKE_PREFIX_PATH}:/home/aliure/robot_ws/install/my_robot_bringup:/home/aliure/robot_ws/install/ball_chaser:/opt/ros/humble /usr/bin/cmake /home/aliure/robot_ws/src/my_robot_description -DAMENT_CMAKE_SYMLINK_INSTALL=1 -DCMAKE_INSTALL_PREFIX=/home/aliure/robot_ws/install/my_robot_description
[0.516s] Invoking command in '/home/aliure/robot_ws/build/my_robot_description': CMAKE_PREFIX_PATH=${CMAKE_PREFIX_PATH}:/home/aliure/robot_ws/install/my_robot_bringup:/home/aliure/robot_ws/install/ball_chaser:/opt/ros/humble /usr/bin/cmake --build /home/aliure/robot_ws/build/my_robot_description -- -j12 -l12
[0.551s] Invoked command in '/home/aliure/robot_ws/build/my_robot_description' returned '0': CMAKE_PREFIX_PATH=${CMAKE_PREFIX_PATH}:/home/aliure/robot_ws/install/my_robot_bringup:/home/aliure/robot_ws/install/ball_chaser:/opt/ros/humble /usr/bin/cmake --build /home/aliure/robot_ws/build/my_robot_description -- -j12 -l12
[0.552s] Invoking command in '/home/aliure/robot_ws/build/my_robot_description': CMAKE_PREFIX_PATH=${CMAKE_PREFIX_PATH}:/home/aliure/robot_ws/install/my_robot_bringup:/home/aliure/robot_ws/install/ball_chaser:/opt/ros/humble /usr/bin/cmake --install /home/aliure/robot_ws/build/my_robot_description
[0.557s] -- Install configuration: ""
[0.558s] -- Execute custom install script
[0.558s] -- Symlinking: /home/aliure/robot_ws/install/my_robot_description/share/my_robot_description//urdf/robot.urdf.xacro
[0.567s] -- Symlinking: /home/aliure/robot_ws/install/my_robot_description/share/ament_index/resource_index/package_run_dependencies/my_robot_description
[0.573s] -- Symlinking: /home/aliure/robot_ws/install/my_robot_description/share/ament_index/resource_index/parent_prefix_path/my_robot_description
[0.579s] -- Symlinking: /home/aliure/robot_ws/install/my_robot_description/share/my_robot_description/environment/ament_prefix_path.sh
[0.588s] -- Symlinking: /home/aliure/robot_ws/install/my_robot_description/share/my_robot_description/environment/ament_prefix_path.dsv
[0.596s] -- Symlinking: /home/aliure/robot_ws/install/my_robot_description/share/my_robot_description/environment/path.sh
[0.602s] -- Symlinking: /home/aliure/robot_ws/install/my_robot_description/share/my_robot_description/environment/path.dsv
[0.611s] -- Symlinking: /home/aliure/robot_ws/install/my_robot_description/share/my_robot_description/local_setup.bash
[0.619s] -- Symlinking: /home/aliure/robot_ws/install/my_robot_description/share/my_robot_description/local_setup.sh
[0.627s] -- Symlinking: /home/aliure/robot_ws/install/my_robot_description/share/my_robot_description/local_setup.zsh
[0.633s] -- Symlinking: /home/aliure/robot_ws/install/my_robot_description/share/my_robot_description/local_setup.dsv
[0.642s] -- Symlinking: /home/aliure/robot_ws/install/my_robot_description/share/my_robot_description/package.dsv
[0.647s] -- Symlinking: /home/aliure/robot_ws/install/my_robot_description/share/ament_index/resource_index/packages/my_robot_description
[0.652s] -- Symlinking: /home/aliure/robot_ws/install/my_robot_description/share/my_robot_description/cmake/my_robot_descriptionConfig.cmake
[0.659s] -- Symlinking: /home/aliure/robot_ws/install/my_robot_description/share/my_robot_description/cmake/my_robot_descriptionConfig-version.cmake
[0.668s] -- Symlinking: /home/aliure/robot_ws/install/my_robot_description/share/my_robot_description/package.xml
[0.678s] Invoked command in '/home/aliure/robot_ws/build/my_robot_description' returned '0': CMAKE_PREFIX_PATH=${CMAKE_PREFIX_PATH}:/home/aliure/robot_ws/install/my_robot_bringup:/home/aliure/robot_ws/install/ball_chaser:/opt/ros/humble /usr/bin/cmake --install /home/aliure/robot_ws/build/my_robot_description
