[0.643s] Invoking command in '/home/aliure/robot_ws/build/my_robot_bringup': PYTHONPATH=/home/aliure/robot_ws/build/my_robot_bringup/prefix_override:/usr/lib/python3/dist-packages/colcon_core/task/python/colcon_distutils_commands:/home/aliure/robot_ws/install/my_robot_bringup/lib/python3.10/site-packages:${PYTHONPATH} /usr/bin/python3 -W ignore:setup.py install is deprecated -W ignore:easy_install command is deprecated setup.py develop --uninstall --editable --build-directory /home/aliure/robot_ws/build/my_robot_bringup/build
[0.810s] running develop
[0.901s] Removing /home/aliure/robot_ws/install/my_robot_bringup/lib/python3.10/site-packages/my-robot-bringup.egg-link (link to .)
[0.924s] Invoked command in '/home/aliure/robot_ws/build/my_robot_bringup' returned '0': PYTHONPATH=/home/aliure/robot_ws/build/my_robot_bringup/prefix_override:/usr/lib/python3/dist-packages/colcon_core/task/python/colcon_distutils_commands:/home/aliure/robot_ws/install/my_robot_bringup/lib/python3.10/site-packages:${PYTHONPATH} /usr/bin/python3 -W ignore:setup.py install is deprecated -W ignore:easy_install command is deprecated setup.py develop --uninstall --editable --build-directory /home/aliure/robot_ws/build/my_robot_bringup/build
[0.925s] Invoking command in '/home/aliure/robot_ws/src/my_robot_bringup': PYTHONPATH=/home/aliure/robot_ws/build/my_robot_bringup/prefix_override:/usr/lib/python3/dist-packages/colcon_core/task/python/colcon_distutils_commands:/home/aliure/robot_ws/install/my_robot_bringup/lib/python3.10/site-packages:${PYTHONPATH} /usr/bin/python3 -W ignore:setup.py install is deprecated -W ignore:easy_install command is deprecated setup.py egg_info --egg-base ../../build/my_robot_bringup build --build-base /home/aliure/robot_ws/build/my_robot_bringup/build install --record /home/aliure/robot_ws/build/my_robot_bringup/install.log --single-version-externally-managed install_data --force
[1.076s] running egg_info
[1.076s] writing ../../build/my_robot_bringup/my_robot_bringup.egg-info/PKG-INFO
[1.077s] writing dependency_links to ../../build/my_robot_bringup/my_robot_bringup.egg-info/dependency_links.txt
[1.077s] writing entry points to ../../build/my_robot_bringup/my_robot_bringup.egg-info/entry_points.txt
[1.077s] writing requirements to ../../build/my_robot_bringup/my_robot_bringup.egg-info/requires.txt
[1.077s] writing top-level names to ../../build/my_robot_bringup/my_robot_bringup.egg-info/top_level.txt
[1.079s] reading manifest file '../../build/my_robot_bringup/my_robot_bringup.egg-info/SOURCES.txt'
[1.080s] writing manifest file '../../build/my_robot_bringup/my_robot_bringup.egg-info/SOURCES.txt'
[1.080s] running build
[1.080s] running build_py
[1.080s] running install
[1.080s] running install_lib
[1.081s] creating /home/aliure/robot_ws/install/my_robot_bringup/lib/python3.10/site-packages/my_robot_bringup
[1.081s] copying /home/aliure/robot_ws/build/my_robot_bringup/build/lib/my_robot_bringup/__init__.py -> /home/aliure/robot_ws/install/my_robot_bringup/lib/python3.10/site-packages/my_robot_bringup
[1.082s] byte-compiling /home/aliure/robot_ws/install/my_robot_bringup/lib/python3.10/site-packages/my_robot_bringup/__init__.py to __init__.cpython-310.pyc
[1.082s] running install_data
[1.082s] copying resource/my_robot_bringup -> /home/aliure/robot_ws/install/my_robot_bringup/share/ament_index/resource_index/packages
[1.082s] copying package.xml -> /home/aliure/robot_ws/install/my_robot_bringup/share/my_robot_bringup
[1.082s] copying launch/bringup.launch.py -> /home/aliure/robot_ws/install/my_robot_bringup/share/my_robot_bringup/launch
[1.082s] running install_egg_info
[1.084s] Copying ../../build/my_robot_bringup/my_robot_bringup.egg-info to /home/aliure/robot_ws/install/my_robot_bringup/lib/python3.10/site-packages/my_robot_bringup-0.0.0-py3.10.egg-info
[1.085s] running install_scripts
[1.107s] writing list of installed files to '/home/aliure/robot_ws/build/my_robot_bringup/install.log'
[1.145s] Invoked command in '/home/aliure/robot_ws/src/my_robot_bringup' returned '0': PYTHONPATH=/home/aliure/robot_ws/build/my_robot_bringup/prefix_override:/usr/lib/python3/dist-packages/colcon_core/task/python/colcon_distutils_commands:/home/aliure/robot_ws/install/my_robot_bringup/lib/python3.10/site-packages:${PYTHONPATH} /usr/bin/python3 -W ignore:setup.py install is deprecated -W ignore:easy_install command is deprecated setup.py egg_info --egg-base ../../build/my_robot_bringup build --build-base /home/aliure/robot_ws/build/my_robot_bringup/build install --record /home/aliure/robot_ws/build/my_robot_bringup/install.log --single-version-externally-managed install_data --force
