[0.587s] Invoking command in '/home/aliure/robot_ws/src/my_robot_bringup': PYTHONPATH=/home/aliure/robot_ws/build/my_robot_bringup/prefix_override:/usr/lib/python3/dist-packages/colcon_core/task/python/colcon_distutils_commands:/home/aliure/robot_ws/install/my_robot_bringup/lib/python3.10/site-packages:${PYTHONPATH} /usr/bin/python3 -W ignore:setup.py install is deprecated -W ignore:easy_install command is deprecated setup.py egg_info --egg-base ../../build/my_robot_bringup build --build-base /home/aliure/robot_ws/build/my_robot_bringup/build install --record /home/aliure/robot_ws/build/my_robot_bringup/install.log --single-version-externally-managed install_data
[0.735s] running egg_info
[0.736s] creating ../../build/my_robot_bringup/my_robot_bringup.egg-info
[0.736s] writing ../../build/my_robot_bringup/my_robot_bringup.egg-info/PKG-INFO
[0.736s] writing dependency_links to ../../build/my_robot_bringup/my_robot_bringup.egg-info/dependency_links.txt
[0.736s] writing entry points to ../../build/my_robot_bringup/my_robot_bringup.egg-info/entry_points.txt
[0.736s] writing requirements to ../../build/my_robot_bringup/my_robot_bringup.egg-info/requires.txt
[0.736s] writing top-level names to ../../build/my_robot_bringup/my_robot_bringup.egg-info/top_level.txt
[0.736s] writing manifest file '../../build/my_robot_bringup/my_robot_bringup.egg-info/SOURCES.txt'
[0.737s] reading manifest file '../../build/my_robot_bringup/my_robot_bringup.egg-info/SOURCES.txt'
[0.738s] writing manifest file '../../build/my_robot_bringup/my_robot_bringup.egg-info/SOURCES.txt'
[0.738s] running build
[0.738s] running build_py
[0.738s] creating /home/aliure/robot_ws/build/my_robot_bringup/build
[0.738s] creating /home/aliure/robot_ws/build/my_robot_bringup/build/lib
[0.738s] creating /home/aliure/robot_ws/build/my_robot_bringup/build/lib/my_robot_bringup
[0.738s] copying my_robot_bringup/__init__.py -> /home/aliure/robot_ws/build/my_robot_bringup/build/lib/my_robot_bringup
[0.738s] running install
[0.739s] running install_lib
[0.739s] creating /home/aliure/robot_ws/install/my_robot_bringup/lib/python3.10/site-packages/my_robot_bringup
[0.739s] copying /home/aliure/robot_ws/build/my_robot_bringup/build/lib/my_robot_bringup/__init__.py -> /home/aliure/robot_ws/install/my_robot_bringup/lib/python3.10/site-packages/my_robot_bringup
[0.739s] byte-compiling /home/aliure/robot_ws/install/my_robot_bringup/lib/python3.10/site-packages/my_robot_bringup/__init__.py to __init__.cpython-310.pyc
[0.739s] running install_data
[0.739s] creating /home/aliure/robot_ws/install/my_robot_bringup/share/ament_index
[0.740s] creating /home/aliure/robot_ws/install/my_robot_bringup/share/ament_index/resource_index
[0.740s] creating /home/aliure/robot_ws/install/my_robot_bringup/share/ament_index/resource_index/packages
[0.740s] copying resource/my_robot_bringup -> /home/aliure/robot_ws/install/my_robot_bringup/share/ament_index/resource_index/packages
[0.740s] copying package.xml -> /home/aliure/robot_ws/install/my_robot_bringup/share/my_robot_bringup
[0.740s] creating /home/aliure/robot_ws/install/my_robot_bringup/share/my_robot_bringup/launch
[0.740s] copying launch/bringup.launch.py -> /home/aliure/robot_ws/install/my_robot_bringup/share/my_robot_bringup/launch
[0.740s] running install_egg_info
[0.741s] Copying ../../build/my_robot_bringup/my_robot_bringup.egg-info to /home/aliure/robot_ws/install/my_robot_bringup/lib/python3.10/site-packages/my_robot_bringup-0.0.0-py3.10.egg-info
[0.741s] running install_scripts
[0.757s] writing list of installed files to '/home/aliure/robot_ws/build/my_robot_bringup/install.log'
[0.787s] Invoked command in '/home/aliure/robot_ws/src/my_robot_bringup' returned '0': PYTHONPATH=/home/aliure/robot_ws/build/my_robot_bringup/prefix_override:/usr/lib/python3/dist-packages/colcon_core/task/python/colcon_distutils_commands:/home/aliure/robot_ws/install/my_robot_bringup/lib/python3.10/site-packages:${PYTHONPATH} /usr/bin/python3 -W ignore:setup.py install is deprecated -W ignore:easy_install command is deprecated setup.py egg_info --egg-base ../../build/my_robot_bringup build --build-base /home/aliure/robot_ws/build/my_robot_bringup/build install --record /home/aliure/robot_ws/build/my_robot_bringup/install.log --single-version-externally-managed install_data
