[0.327s] Invoking command in '/home/aliure/robot_ws/build/my_robot_description': CMAKE_PREFIX_PATH=/opt/ros/humble /usr/bin/cmake /home/aliure/robot_ws/src/my_robot_description -DCMAKE_INSTALL_PREFIX=/home/aliure/robot_ws/install/my_robot_description
[0.341s] -- Found ament_cmake: 1.3.12 (/opt/ros/humble/share/ament_cmake/cmake)
[0.452s] -- Override CMake install command with custom implementation using symlinks instead of copying resources
[0.459s] -- Found ament_lint_auto: 0.12.14 (/opt/ros/humble/share/ament_lint_auto/cmake)
[0.519s] -- Added test 'lint_cmake' to check CMake code style
[0.520s] -- Added test 'xmllint' to check XML markup files
[0.521s] -- Configuring done
[0.525s] -- Generating done
[0.526s] -- Build files have been written to: /home/aliure/robot_ws/build/my_robot_description
[0.532s] Invoked command in '/home/aliure/robot_ws/build/my_robot_description' returned '0': CMAKE_PREFIX_PATH=/opt/ros/humble /usr/bin/cmake /home/aliure/robot_ws/src/my_robot_description -DCMAKE_INSTALL_PREFIX=/home/aliure/robot_ws/install/my_robot_description
[0.532s] Invoking command in '/home/aliure/robot_ws/build/my_robot_description': CMAKE_PREFIX_PATH=/opt/ros/humble /usr/bin/cmake --build /home/aliure/robot_ws/build/my_robot_description -- -j12 -l12
[0.564s] Invoked command in '/home/aliure/robot_ws/build/my_robot_description' returned '0': CMAKE_PREFIX_PATH=/opt/ros/humble /usr/bin/cmake --build /home/aliure/robot_ws/build/my_robot_description -- -j12 -l12
[0.571s] Invoking command in '/home/aliure/robot_ws/build/my_robot_description': CMAKE_PREFIX_PATH=/opt/ros/humble /usr/bin/cmake --install /home/aliure/robot_ws/build/my_robot_description
[0.579s] -- Install configuration: ""
[0.579s] -- Execute custom install script
[0.579s] -- Up-to-date symlink: /home/aliure/robot_ws/install/my_robot_description/share/my_robot_description//urdf/robot.urdf.xacro
[0.579s] -- Up-to-date symlink: /home/aliure/robot_ws/install/my_robot_description/share/ament_index/resource_index/package_run_dependencies/my_robot_description
[0.580s] -- Up-to-date symlink: /home/aliure/robot_ws/install/my_robot_description/share/ament_index/resource_index/parent_prefix_path/my_robot_description
[0.580s] -- Up-to-date symlink: /home/aliure/robot_ws/install/my_robot_description/share/my_robot_description/environment/ament_prefix_path.sh
[0.580s] -- Up-to-date symlink: /home/aliure/robot_ws/install/my_robot_description/share/my_robot_description/environment/ament_prefix_path.dsv
[0.581s] -- Up-to-date symlink: /home/aliure/robot_ws/install/my_robot_description/share/my_robot_description/environment/path.sh
[0.581s] -- Up-to-date symlink: /home/aliure/robot_ws/install/my_robot_description/share/my_robot_description/environment/path.dsv
[0.581s] -- Up-to-date symlink: /home/aliure/robot_ws/install/my_robot_description/share/my_robot_description/local_setup.bash
[0.581s] -- Up-to-date symlink: /home/aliure/robot_ws/install/my_robot_description/share/my_robot_description/local_setup.sh
[0.581s] -- Up-to-date symlink: /home/aliure/robot_ws/install/my_robot_description/share/my_robot_description/local_setup.zsh
[0.582s] -- Up-to-date symlink: /home/aliure/robot_ws/install/my_robot_description/share/my_robot_description/local_setup.dsv
[0.582s] -- Symlinking: /home/aliure/robot_ws/install/my_robot_description/share/my_robot_description/package.dsv
[0.593s] -- Up-to-date symlink: /home/aliure/robot_ws/install/my_robot_description/share/ament_index/resource_index/packages/my_robot_description
[0.593s] -- Up-to-date symlink: /home/aliure/robot_ws/install/my_robot_description/share/my_robot_description/cmake/my_robot_descriptionConfig.cmake
[0.593s] -- Up-to-date symlink: /home/aliure/robot_ws/install/my_robot_description/share/my_robot_description/cmake/my_robot_descriptionConfig-version.cmake
[0.593s] -- Up-to-date symlink: /home/aliure/robot_ws/install/my_robot_description/share/my_robot_description/package.xml
[0.607s] Invoked command in '/home/aliure/robot_ws/build/my_robot_description' returned '0': CMAKE_PREFIX_PATH=/opt/ros/humble /usr/bin/cmake --install /home/aliure/robot_ws/build/my_robot_description
