-- Found ament_cmake: 1.3.12 (/opt/ros/humble/share/ament_cmake/cmake)
-- Override CMake install command with custom implementation using symlinks instead of copying resources
-- Found ament_lint_auto: 0.12.14 (/opt/ros/humble/share/ament_lint_auto/cmake)
-- Added test 'lint_cmake' to check CMake code style
-- Added test 'xmllint' to check XML markup files
-- Configuring done
-- Generating done
-- Build files have been written to: /home/aliure/robot_ws/build/my_robot_control
-- Install configuration: ""
-- Execute custom install script
-- Symlinking: /home/aliure/robot_ws/install/my_robot_control/share/ament_index/resource_index/package_run_dependencies/my_robot_control
-- Symlinking: /home/aliure/robot_ws/install/my_robot_control/share/ament_index/resource_index/parent_prefix_path/my_robot_control
-- Symlinking: /home/aliure/robot_ws/install/my_robot_control/share/my_robot_control/environment/ament_prefix_path.sh
-- Symlinking: /home/aliure/robot_ws/install/my_robot_control/share/my_robot_control/environment/ament_prefix_path.dsv
-- Symlinking: /home/aliure/robot_ws/install/my_robot_control/share/my_robot_control/environment/path.sh
-- Symlinking: /home/aliure/robot_ws/install/my_robot_control/share/my_robot_control/environment/path.dsv
-- Symlinking: /home/aliure/robot_ws/install/my_robot_control/share/my_robot_control/local_setup.bash
-- Symlinking: /home/aliure/robot_ws/install/my_robot_control/share/my_robot_control/local_setup.sh
-- Symlinking: /home/aliure/robot_ws/install/my_robot_control/share/my_robot_control/local_setup.zsh
-- Symlinking: /home/aliure/robot_ws/install/my_robot_control/share/my_robot_control/local_setup.dsv
-- Symlinking: /home/aliure/robot_ws/install/my_robot_control/share/my_robot_control/package.dsv
-- Symlinking: /home/aliure/robot_ws/install/my_robot_control/share/ament_index/resource_index/packages/my_robot_control
-- Symlinking: /home/aliure/robot_ws/install/my_robot_control/share/my_robot_control/cmake/my_robot_controlConfig.cmake
-- Symlinking: /home/aliure/robot_ws/install/my_robot_control/share/my_robot_control/cmake/my_robot_controlConfig-version.cmake
-- Symlinking: /home/aliure/robot_ws/install/my_robot_control/share/my_robot_control/package.xml
