[0.309s] Invoking command in '/home/aliure/robot_ws/build/my_robot_control': CMAKE_PREFIX_PATH=${CMAKE_PREFIX_PATH}:/home/aliure/robot_ws/install/my_robot_bringup:/home/aliure/robot_ws/install/ball_chaser:/opt/ros/humble /usr/bin/cmake /home/aliure/robot_ws/src/my_robot_control -DAMENT_CMAKE_SYMLINK_INSTALL=1 -DCMAKE_INSTALL_PREFIX=/home/aliure/robot_ws/install/my_robot_control
[0.325s] -- Found ament_cmake: 1.3.12 (/opt/ros/humble/share/ament_cmake/cmake)
[0.424s] -- Override CMake install command with custom implementation using symlinks instead of copying resources
[0.435s] -- Found ament_lint_auto: 0.12.14 (/opt/ros/humble/share/ament_lint_auto/cmake)
[0.490s] -- Added test 'lint_cmake' to check CMake code style
[0.490s] -- Added test 'xmllint' to check XML markup files
[0.491s] -- Configuring done
[0.494s] -- Generating done
[0.495s] -- Build files have been written to: /home/aliure/robot_ws/build/my_robot_control
[0.497s] Invoked command in '/home/aliure/robot_ws/build/my_robot_control' returned '0': CMAKE_PREFIX_PATH=${CMAKE_PREFIX_PATH}:/home/aliure/robot_ws/install/my_robot_bringup:/home/aliure/robot_ws/install/ball_chaser:/opt/ros/humble /usr/bin/cmake /home/aliure/robot_ws/src/my_robot_control -DAMENT_CMAKE_SYMLINK_INSTALL=1 -DCMAKE_INSTALL_PREFIX=/home/aliure/robot_ws/install/my_robot_control
[0.499s] Invoking command in '/home/aliure/robot_ws/build/my_robot_control': CMAKE_PREFIX_PATH=${CMAKE_PREFIX_PATH}:/home/aliure/robot_ws/install/my_robot_bringup:/home/aliure/robot_ws/install/ball_chaser:/opt/ros/humble /usr/bin/cmake --build /home/aliure/robot_ws/build/my_robot_control -- -j12 -l12
[0.534s] Invoked command in '/home/aliure/robot_ws/build/my_robot_control' returned '0': CMAKE_PREFIX_PATH=${CMAKE_PREFIX_PATH}:/home/aliure/robot_ws/install/my_robot_bringup:/home/aliure/robot_ws/install/ball_chaser:/opt/ros/humble /usr/bin/cmake --build /home/aliure/robot_ws/build/my_robot_control -- -j12 -l12
[0.541s] Invoking command in '/home/aliure/robot_ws/build/my_robot_control': CMAKE_PREFIX_PATH=${CMAKE_PREFIX_PATH}:/home/aliure/robot_ws/install/my_robot_bringup:/home/aliure/robot_ws/install/ball_chaser:/opt/ros/humble /usr/bin/cmake --install /home/aliure/robot_ws/build/my_robot_control
[0.547s] -- Install configuration: ""
[0.547s] -- Execute custom install script
[0.547s] -- Symlinking: /home/aliure/robot_ws/install/my_robot_control/share/ament_index/resource_index/package_run_dependencies/my_robot_control
[0.555s] -- Symlinking: /home/aliure/robot_ws/install/my_robot_control/share/ament_index/resource_index/parent_prefix_path/my_robot_control
[0.560s] -- Symlinking: /home/aliure/robot_ws/install/my_robot_control/share/my_robot_control/environment/ament_prefix_path.sh
[0.567s] -- Symlinking: /home/aliure/robot_ws/install/my_robot_control/share/my_robot_control/environment/ament_prefix_path.dsv
[0.573s] -- Symlinking: /home/aliure/robot_ws/install/my_robot_control/share/my_robot_control/environment/path.sh
[0.579s] -- Symlinking: /home/aliure/robot_ws/install/my_robot_control/share/my_robot_control/environment/path.dsv
[0.589s] -- Symlinking: /home/aliure/robot_ws/install/my_robot_control/share/my_robot_control/local_setup.bash
[0.595s] -- Symlinking: /home/aliure/robot_ws/install/my_robot_control/share/my_robot_control/local_setup.sh
[0.604s] -- Symlinking: /home/aliure/robot_ws/install/my_robot_control/share/my_robot_control/local_setup.zsh
[0.611s] -- Symlinking: /home/aliure/robot_ws/install/my_robot_control/share/my_robot_control/local_setup.dsv
[0.617s] -- Symlinking: /home/aliure/robot_ws/install/my_robot_control/share/my_robot_control/package.dsv
[0.626s] -- Symlinking: /home/aliure/robot_ws/install/my_robot_control/share/ament_index/resource_index/packages/my_robot_control
[0.635s] -- Symlinking: /home/aliure/robot_ws/install/my_robot_control/share/my_robot_control/cmake/my_robot_controlConfig.cmake
[0.641s] -- Symlinking: /home/aliure/robot_ws/install/my_robot_control/share/my_robot_control/cmake/my_robot_controlConfig-version.cmake
[0.650s] -- Symlinking: /home/aliure/robot_ws/install/my_robot_control/share/my_robot_control/package.xml
[0.661s] Invoked command in '/home/aliure/robot_ws/build/my_robot_control' returned '0': CMAKE_PREFIX_PATH=${CMAKE_PREFIX_PATH}:/home/aliure/robot_ws/install/my_robot_bringup:/home/aliure/robot_ws/install/ball_chaser:/opt/ros/humble /usr/bin/cmake --install /home/aliure/robot_ws/build/my_robot_control
