[0.383s] Invoking command in '/home/aliure/robot_ws/build/my_robot_control': CMAKE_PREFIX_PATH=/opt/ros/humble /usr/bin/cmake --build /home/aliure/robot_ws/build/my_robot_control -- -j12 -l12
[0.456s] Invoked command in '/home/aliure/robot_ws/build/my_robot_control' returned '0': CMAKE_PREFIX_PATH=/opt/ros/humble /usr/bin/cmake --build /home/aliure/robot_ws/build/my_robot_control -- -j12 -l12
[0.472s] Invoking command in '/home/aliure/robot_ws/build/my_robot_control': CMAKE_PREFIX_PATH=/opt/ros/humble /usr/bin/cmake --install /home/aliure/robot_ws/build/my_robot_control
[0.479s] -- Install configuration: ""
[0.479s] -- Execute custom install script
[0.479s] -- Up-to-date symlink: /home/aliure/robot_ws/install/my_robot_control/share/ament_index/resource_index/package_run_dependencies/my_robot_control
[0.480s] -- Up-to-date symlink: /home/aliure/robot_ws/install/my_robot_control/share/ament_index/resource_index/parent_prefix_path/my_robot_control
[0.480s] -- Up-to-date symlink: /home/aliure/robot_ws/install/my_robot_control/share/my_robot_control/environment/ament_prefix_path.sh
[0.480s] -- Up-to-date symlink: /home/aliure/robot_ws/install/my_robot_control/share/my_robot_control/environment/ament_prefix_path.dsv
[0.480s] -- Up-to-date symlink: /home/aliure/robot_ws/install/my_robot_control/share/my_robot_control/environment/path.sh
[0.480s] -- Up-to-date symlink: /home/aliure/robot_ws/install/my_robot_control/share/my_robot_control/environment/path.dsv
[0.480s] -- Up-to-date symlink: /home/aliure/robot_ws/install/my_robot_control/share/my_robot_control/local_setup.bash
[0.481s] -- Up-to-date symlink: /home/aliure/robot_ws/install/my_robot_control/share/my_robot_control/local_setup.sh
[0.481s] -- Up-to-date symlink: /home/aliure/robot_ws/install/my_robot_control/share/my_robot_control/local_setup.zsh
[0.481s] -- Up-to-date symlink: /home/aliure/robot_ws/install/my_robot_control/share/my_robot_control/local_setup.dsv
[0.481s] -- Symlinking: /home/aliure/robot_ws/install/my_robot_control/share/my_robot_control/package.dsv
[0.491s] -- Up-to-date symlink: /home/aliure/robot_ws/install/my_robot_control/share/ament_index/resource_index/packages/my_robot_control
[0.491s] -- Up-to-date symlink: /home/aliure/robot_ws/install/my_robot_control/share/my_robot_control/cmake/my_robot_controlConfig.cmake
[0.491s] -- Up-to-date symlink: /home/aliure/robot_ws/install/my_robot_control/share/my_robot_control/cmake/my_robot_controlConfig-version.cmake
[0.491s] -- Up-to-date symlink: /home/aliure/robot_ws/install/my_robot_control/share/my_robot_control/package.xml
[0.493s] Invoked command in '/home/aliure/robot_ws/build/my_robot_control' returned '0': CMAKE_PREFIX_PATH=/opt/ros/humble /usr/bin/cmake --install /home/aliure/robot_ws/build/my_robot_control
