[0.418s] Invoking command in '/home/aliure/robot_ws/src/ball_chaser': PYTHONPATH=/home/aliure/robot_ws/build/ball_chaser/prefix_override:/usr/lib/python3/dist-packages/colcon_core/task/python/colcon_distutils_commands:/home/aliure/robot_ws/install/ball_chaser/lib/python3.10/site-packages:${PYTHONPATH} /usr/bin/python3 -W ignore:setup.py install is deprecated -W ignore:easy_install command is deprecated setup.py egg_info --egg-base ../../build/ball_chaser build --build-base /home/aliure/robot_ws/build/ball_chaser/build install --record /home/aliure/robot_ws/build/ball_chaser/install.log --single-version-externally-managed
[0.569s] running egg_info
[0.570s] creating ../../build/ball_chaser/ball_chaser.egg-info
[0.570s] writing ../../build/ball_chaser/ball_chaser.egg-info/PKG-INFO
[0.570s] writing dependency_links to ../../build/ball_chaser/ball_chaser.egg-info/dependency_links.txt
[0.570s] writing entry points to ../../build/ball_chaser/ball_chaser.egg-info/entry_points.txt
[0.570s] writing requirements to ../../build/ball_chaser/ball_chaser.egg-info/requires.txt
[0.570s] writing top-level names to ../../build/ball_chaser/ball_chaser.egg-info/top_level.txt
[0.570s] writing manifest file '../../build/ball_chaser/ball_chaser.egg-info/SOURCES.txt'
[0.571s] reading manifest file '../../build/ball_chaser/ball_chaser.egg-info/SOURCES.txt'
[0.572s] writing manifest file '../../build/ball_chaser/ball_chaser.egg-info/SOURCES.txt'
[0.572s] running build
[0.572s] running build_py
[0.572s] creating /home/aliure/robot_ws/build/ball_chaser/build
[0.572s] creating /home/aliure/robot_ws/build/ball_chaser/build/lib
[0.572s] creating /home/aliure/robot_ws/build/ball_chaser/build/lib/ball_chaser
[0.572s] copying ball_chaser/ball_chaser_node.py -> /home/aliure/robot_ws/build/ball_chaser/build/lib/ball_chaser
[0.572s] copying ball_chaser/__init__.py -> /home/aliure/robot_ws/build/ball_chaser/build/lib/ball_chaser
[0.572s] running install
[0.572s] running install_lib
[0.573s] creating /home/aliure/robot_ws/install/ball_chaser/lib/python3.10/site-packages/ball_chaser
[0.573s] copying /home/aliure/robot_ws/build/ball_chaser/build/lib/ball_chaser/ball_chaser_node.py -> /home/aliure/robot_ws/install/ball_chaser/lib/python3.10/site-packages/ball_chaser
[0.573s] copying /home/aliure/robot_ws/build/ball_chaser/build/lib/ball_chaser/__init__.py -> /home/aliure/robot_ws/install/ball_chaser/lib/python3.10/site-packages/ball_chaser
[0.573s] byte-compiling /home/aliure/robot_ws/install/ball_chaser/lib/python3.10/site-packages/ball_chaser/ball_chaser_node.py to ball_chaser_node.cpython-310.pyc
[0.573s] byte-compiling /home/aliure/robot_ws/install/ball_chaser/lib/python3.10/site-packages/ball_chaser/__init__.py to __init__.cpython-310.pyc
[0.573s] running install_egg_info
[0.575s] Copying ../../build/ball_chaser/ball_chaser.egg-info to /home/aliure/robot_ws/install/ball_chaser/lib/python3.10/site-packages/ball_chaser-0.0.0-py3.10.egg-info
[0.576s] running install_scripts
[0.590s] Installing ball_chaser_node script to /home/aliure/robot_ws/install/ball_chaser/lib/ball_chaser
[0.590s] writing list of installed files to '/home/aliure/robot_ws/build/ball_chaser/install.log'
[0.609s] Invoked command in '/home/aliure/robot_ws/src/ball_chaser' returned '0': PYTHONPATH=/home/aliure/robot_ws/build/ball_chaser/prefix_override:/usr/lib/python3/dist-packages/colcon_core/task/python/colcon_distutils_commands:/home/aliure/robot_ws/install/ball_chaser/lib/python3.10/site-packages:${PYTHONPATH} /usr/bin/python3 -W ignore:setup.py install is deprecated -W ignore:easy_install command is deprecated setup.py egg_info --egg-base ../../build/ball_chaser build --build-base /home/aliure/robot_ws/build/ball_chaser/build install --record /home/aliure/robot_ws/build/ball_chaser/install.log --single-version-externally-managed
