[0.331s] Invoking command in '/home/aliure/robot_ws/build/my_robot_control': CMAKE_PREFIX_PATH=${CMAKE_PREFIX_PATH}:/home/aliure/robot_ws/install/my_robot_bringup:/home/aliure/robot_ws/install/ball_chaser:/opt/ros/humble /usr/bin/cmake /home/aliure/robot_ws/src/my_robot_control -DCMAKE_INSTALL_PREFIX=/home/aliure/robot_ws/install/my_robot_control
[0.369s] -- The C compiler identification is GNU 11.4.0
[0.412s] -- The CXX compiler identification is GNU 11.4.0
[0.417s] -- Detecting C compiler ABI info
[0.487s] -- Detecting C compiler ABI info - done
[0.496s] -- Check for working C compiler: /usr/bin/cc - skipped
[0.497s] -- Detecting C compile features
[0.497s] -- Detecting C compile features - done
[0.500s] -- Detecting CXX compiler ABI info
[0.585s] -- Detecting CXX compiler ABI info - done
[0.591s] -- Check for working CXX compiler: /usr/bin/c++ - skipped
[0.592s] -- Detecting CXX compile features
[0.592s] -- Detecting CXX compile features - done
[0.595s] -- Found ament_cmake: 1.3.12 (/opt/ros/humble/share/ament_cmake/cmake)
[0.728s] -- Found Python3: /usr/bin/python3 (found version "3.10.12") found components: Interpreter 
[0.812s] -- Found ament_lint_auto: 0.12.14 (/opt/ros/humble/share/ament_lint_auto/cmake)
[0.871s] -- Added test 'lint_cmake' to check CMake code style
[0.872s] -- Added test 'xmllint' to check XML markup files
[0.873s] -- Configuring done
[0.874s] -- Generating done
[0.875s] -- Build files have been written to: /home/aliure/robot_ws/build/my_robot_control
[0.878s] Invoked command in '/home/aliure/robot_ws/build/my_robot_control' returned '0': CMAKE_PREFIX_PATH=${CMAKE_PREFIX_PATH}:/home/aliure/robot_ws/install/my_robot_bringup:/home/aliure/robot_ws/install/ball_chaser:/opt/ros/humble /usr/bin/cmake /home/aliure/robot_ws/src/my_robot_control -DCMAKE_INSTALL_PREFIX=/home/aliure/robot_ws/install/my_robot_control
[0.879s] Invoking command in '/home/aliure/robot_ws/build/my_robot_control': CMAKE_PREFIX_PATH=${CMAKE_PREFIX_PATH}:/home/aliure/robot_ws/install/my_robot_bringup:/home/aliure/robot_ws/install/ball_chaser:/opt/ros/humble /usr/bin/cmake --build /home/aliure/robot_ws/build/my_robot_control -- -j12 -l12
[0.925s] Invoked command in '/home/aliure/robot_ws/build/my_robot_control' returned '0': CMAKE_PREFIX_PATH=${CMAKE_PREFIX_PATH}:/home/aliure/robot_ws/install/my_robot_bringup:/home/aliure/robot_ws/install/ball_chaser:/opt/ros/humble /usr/bin/cmake --build /home/aliure/robot_ws/build/my_robot_control -- -j12 -l12
[0.926s] Invoking command in '/home/aliure/robot_ws/build/my_robot_control': CMAKE_PREFIX_PATH=${CMAKE_PREFIX_PATH}:/home/aliure/robot_ws/install/my_robot_bringup:/home/aliure/robot_ws/install/ball_chaser:/opt/ros/humble /usr/bin/cmake --install /home/aliure/robot_ws/build/my_robot_control
[0.933s] -- Install configuration: ""
[0.933s] -- Installing: /home/aliure/robot_ws/install/my_robot_control/share/ament_index/resource_index/package_run_dependencies/my_robot_control
[0.933s] -- Installing: /home/aliure/robot_ws/install/my_robot_control/share/ament_index/resource_index/parent_prefix_path/my_robot_control
[0.933s] -- Installing: /home/aliure/robot_ws/install/my_robot_control/share/my_robot_control/environment/ament_prefix_path.sh
[0.933s] -- Installing: /home/aliure/robot_ws/install/my_robot_control/share/my_robot_control/environment/ament_prefix_path.dsv
[0.933s] -- Installing: /home/aliure/robot_ws/install/my_robot_control/share/my_robot_control/environment/path.sh
[0.933s] -- Installing: /home/aliure/robot_ws/install/my_robot_control/share/my_robot_control/environment/path.dsv
[0.933s] -- Installing: /home/aliure/robot_ws/install/my_robot_control/share/my_robot_control/local_setup.bash
[0.934s] -- Installing: /home/aliure/robot_ws/install/my_robot_control/share/my_robot_control/local_setup.sh
[0.934s] -- Installing: /home/aliure/robot_ws/install/my_robot_control/share/my_robot_control/local_setup.zsh
[0.934s] -- Installing: /home/aliure/robot_ws/install/my_robot_control/share/my_robot_control/local_setup.dsv
[0.934s] -- Installing: /home/aliure/robot_ws/install/my_robot_control/share/my_robot_control/package.dsv
[0.934s] -- Installing: /home/aliure/robot_ws/install/my_robot_control/share/ament_index/resource_index/packages/my_robot_control
[0.934s] -- Installing: /home/aliure/robot_ws/install/my_robot_control/share/my_robot_control/cmake/my_robot_controlConfig.cmake
[0.934s] -- Installing: /home/aliure/robot_ws/install/my_robot_control/share/my_robot_control/cmake/my_robot_controlConfig-version.cmake
[0.934s] -- Installing: /home/aliure/robot_ws/install/my_robot_control/share/my_robot_control/package.xml
[0.935s] Invoked command in '/home/aliure/robot_ws/build/my_robot_control' returned '0': CMAKE_PREFIX_PATH=${CMAKE_PREFIX_PATH}:/home/aliure/robot_ws/install/my_robot_bringup:/home/aliure/robot_ws/install/ball_chaser:/opt/ros/humble /usr/bin/cmake --install /home/aliure/robot_ws/build/my_robot_control
