[0.331s] Invoking command in '/home/aliure/robot_ws/build/my_robot_description': CMAKE_PREFIX_PATH=${CMAKE_PREFIX_PATH}:/home/aliure/robot_ws/install/my_robot_bringup:/home/aliure/robot_ws/install/ball_chaser:/opt/ros/humble /usr/bin/cmake /home/aliure/robot_ws/src/my_robot_description -DCMAKE_INSTALL_PREFIX=/home/aliure/robot_ws/install/my_robot_description
[0.382s] -- The C compiler identification is GNU 11.4.0
[0.433s] -- The CXX compiler identification is GNU 11.4.0
[0.439s] -- Detecting C compiler ABI info
[0.500s] -- Detecting C compiler ABI info - done
[0.506s] -- Check for working C compiler: /usr/bin/cc - skipped
[0.507s] -- Detecting C compile features
[0.507s] -- Detecting C compile features - done
[0.509s] -- Detecting CXX compiler ABI info
[0.574s] -- Detecting CXX compiler ABI info - done
[0.582s] -- Check for working CXX compiler: /usr/bin/c++ - skipped
[0.582s] -- Detecting CXX compile features
[0.583s] -- Detecting CXX compile features - done
[0.586s] -- Found ament_cmake: 1.3.12 (/opt/ros/humble/share/ament_cmake/cmake)
[0.726s] -- Found Python3: /usr/bin/python3 (found version "3.10.12") found components: Interpreter 
[0.806s] -- Found ament_lint_auto: 0.12.14 (/opt/ros/humble/share/ament_lint_auto/cmake)
[0.865s] -- Added test 'lint_cmake' to check CMake code style
[0.865s] -- Added test 'xmllint' to check XML markup files
[0.866s] -- Configuring done
[0.868s] -- Generating done
[0.869s] -- Build files have been written to: /home/aliure/robot_ws/build/my_robot_description
[0.872s] Invoked command in '/home/aliure/robot_ws/build/my_robot_description' returned '0': CMAKE_PREFIX_PATH=${CMAKE_PREFIX_PATH}:/home/aliure/robot_ws/install/my_robot_bringup:/home/aliure/robot_ws/install/ball_chaser:/opt/ros/humble /usr/bin/cmake /home/aliure/robot_ws/src/my_robot_description -DCMAKE_INSTALL_PREFIX=/home/aliure/robot_ws/install/my_robot_description
[0.873s] Invoking command in '/home/aliure/robot_ws/build/my_robot_description': CMAKE_PREFIX_PATH=${CMAKE_PREFIX_PATH}:/home/aliure/robot_ws/install/my_robot_bringup:/home/aliure/robot_ws/install/ball_chaser:/opt/ros/humble /usr/bin/cmake --build /home/aliure/robot_ws/build/my_robot_description -- -j12 -l12
[0.910s] Invoked command in '/home/aliure/robot_ws/build/my_robot_description' returned '0': CMAKE_PREFIX_PATH=${CMAKE_PREFIX_PATH}:/home/aliure/robot_ws/install/my_robot_bringup:/home/aliure/robot_ws/install/ball_chaser:/opt/ros/humble /usr/bin/cmake --build /home/aliure/robot_ws/build/my_robot_description -- -j12 -l12
[0.922s] Invoking command in '/home/aliure/robot_ws/build/my_robot_description': CMAKE_PREFIX_PATH=${CMAKE_PREFIX_PATH}:/home/aliure/robot_ws/install/my_robot_bringup:/home/aliure/robot_ws/install/ball_chaser:/opt/ros/humble /usr/bin/cmake --install /home/aliure/robot_ws/build/my_robot_description
[0.930s] -- Install configuration: ""
[0.930s] -- Installing: /home/aliure/robot_ws/install/my_robot_description/share/my_robot_description//urdf
[0.930s] -- Installing: /home/aliure/robot_ws/install/my_robot_description/share/my_robot_description//urdf/robot.urdf.xacro
[0.931s] -- Installing: /home/aliure/robot_ws/install/my_robot_description/share/ament_index/resource_index/package_run_dependencies/my_robot_description
[0.931s] -- Installing: /home/aliure/robot_ws/install/my_robot_description/share/ament_index/resource_index/parent_prefix_path/my_robot_description
[0.931s] -- Installing: /home/aliure/robot_ws/install/my_robot_description/share/my_robot_description/environment/ament_prefix_path.sh
[0.931s] -- Installing: /home/aliure/robot_ws/install/my_robot_description/share/my_robot_description/environment/ament_prefix_path.dsv
[0.931s] -- Installing: /home/aliure/robot_ws/install/my_robot_description/share/my_robot_description/environment/path.sh
[0.931s] -- Installing: /home/aliure/robot_ws/install/my_robot_description/share/my_robot_description/environment/path.dsv
[0.931s] -- Installing: /home/aliure/robot_ws/install/my_robot_description/share/my_robot_description/local_setup.bash
[0.932s] -- Installing: /home/aliure/robot_ws/install/my_robot_description/share/my_robot_description/local_setup.sh
[0.932s] -- Installing: /home/aliure/robot_ws/install/my_robot_description/share/my_robot_description/local_setup.zsh
[0.932s] -- Installing: /home/aliure/robot_ws/install/my_robot_description/share/my_robot_description/local_setup.dsv
[0.932s] -- Installing: /home/aliure/robot_ws/install/my_robot_description/share/my_robot_description/package.dsv
[0.932s] -- Installing: /home/aliure/robot_ws/install/my_robot_description/share/ament_index/resource_index/packages/my_robot_description
[0.932s] -- Installing: /home/aliure/robot_ws/install/my_robot_description/share/my_robot_description/cmake/my_robot_descriptionConfig.cmake
[0.932s] -- Installing: /home/aliure/robot_ws/install/my_robot_description/share/my_robot_description/cmake/my_robot_descriptionConfig-version.cmake
[0.932s] -- Installing: /home/aliure/robot_ws/install/my_robot_description/share/my_robot_description/package.xml
[0.941s] Invoked command in '/home/aliure/robot_ws/build/my_robot_description' returned '0': CMAKE_PREFIX_PATH=${CMAKE_PREFIX_PATH}:/home/aliure/robot_ws/install/my_robot_bringup:/home/aliure/robot_ws/install/ball_chaser:/opt/ros/humble /usr/bin/cmake --install /home/aliure/robot_ws/build/my_robot_description
