[0.063s] DEBUG:colcon:Command line arguments: ['/usr/bin/colcon', 'build', '--symlink-install']
[0.063s] DEBUG:colcon:Parsed command line arguments: Namespace(log_base=None, log_level=None, verb_name='build', build_base='build', install_base='install', merge_install=False, symlink_install=True, test_result_base=None, continue_on_error=False, executor='parallel', parallel_workers=12, event_handlers=None, ignore_user_meta=False, metas=['./colcon.meta'], base_paths=['.'], packages_ignore=None, packages_ignore_regex=None, paths=None, packages_up_to=None, packages_up_to_regex=None, packages_above=None, packages_above_and_dependencies=None, packages_above_depth=None, packages_select_by_dep=None, packages_skip_by_dep=None, packages_skip_up_to=None, packages_select_build_failed=False, packages_skip_build_finished=False, packages_select_test_failures=False, packages_skip_test_passed=False, packages_select=None, packages_skip=None, packages_select_regex=None, packages_skip_regex=None, packages_start=None, packages_end=None, allow_overriding=[], cmake_args=None, cmake_target=None, cmake_target_skip_unavailable=False, cmake_clean_cache=False, cmake_clean_first=False, cmake_force_configure=False, ament_cmake_args=None, catkin_cmake_args=None, catkin_skip_building_tests=False, verb_parser=<colcon_defaults.argument_parser.defaults.DefaultArgumentsDecorator object at 0x790c1396c580>, verb_extension=<colcon_core.verb.build.BuildVerb object at 0x790c13a75960>, main=<bound method BuildVerb.main of <colcon_core.verb.build.BuildVerb object at 0x790c13a75960>>)
[0.155s] Level 1:colcon.colcon_core.package_discovery:discover_packages(colcon_meta) check parameters
[0.155s] Level 1:colcon.colcon_core.package_discovery:discover_packages(recursive) check parameters
[0.155s] Level 1:colcon.colcon_core.package_discovery:discover_packages(ignore) check parameters
[0.155s] Level 1:colcon.colcon_core.package_discovery:discover_packages(path) check parameters
[0.155s] Level 1:colcon.colcon_core.package_discovery:discover_packages(colcon_meta) discover
[0.155s] Level 1:colcon.colcon_core.package_discovery:discover_packages(recursive) discover
[0.155s] INFO:colcon.colcon_core.package_discovery:Crawling recursively for packages in '/home/aliure/robot_ws'
[0.155s] Level 1:colcon.colcon_core.package_identification:_identify(.) by extensions ['ignore', 'ignore_ament_install']
[0.155s] Level 1:colcon.colcon_core.package_identification:_identify(.) by extension 'ignore'
[0.155s] Level 1:colcon.colcon_core.package_identification:_identify(.) by extension 'ignore_ament_install'
[0.155s] Level 1:colcon.colcon_core.package_identification:_identify(.) by extensions ['colcon_pkg']
[0.155s] Level 1:colcon.colcon_core.package_identification:_identify(.) by extension 'colcon_pkg'
[0.155s] Level 1:colcon.colcon_core.package_identification:_identify(.) by extensions ['colcon_meta']
[0.155s] Level 1:colcon.colcon_core.package_identification:_identify(.) by extension 'colcon_meta'
[0.155s] Level 1:colcon.colcon_core.package_identification:_identify(.) by extensions ['ros']
[0.155s] Level 1:colcon.colcon_core.package_identification:_identify(.) by extension 'ros'
[0.163s] Level 1:colcon.colcon_core.package_identification:_identify(.) by extensions ['cmake', 'python']
[0.163s] Level 1:colcon.colcon_core.package_identification:_identify(.) by extension 'cmake'
[0.163s] Level 1:colcon.colcon_core.package_identification:_identify(.) by extension 'python'
[0.163s] Level 1:colcon.colcon_core.package_identification:_identify(.) by extensions ['python_setup_py']
[0.163s] Level 1:colcon.colcon_core.package_identification:_identify(.) by extension 'python_setup_py'
[0.163s] Level 1:colcon.colcon_core.package_identification:_identify(build) by extensions ['ignore', 'ignore_ament_install']
[0.163s] Level 1:colcon.colcon_core.package_identification:_identify(build) by extension 'ignore'
[0.163s] Level 1:colcon.colcon_core.package_identification:_identify(build) ignored
[0.163s] Level 1:colcon.colcon_core.package_identification:_identify(install) by extensions ['ignore', 'ignore_ament_install']
[0.163s] Level 1:colcon.colcon_core.package_identification:_identify(install) by extension 'ignore'
[0.163s] Level 1:colcon.colcon_core.package_identification:_identify(install) ignored
[0.163s] Level 1:colcon.colcon_core.package_identification:_identify(log) by extensions ['ignore', 'ignore_ament_install']
[0.163s] Level 1:colcon.colcon_core.package_identification:_identify(log) by extension 'ignore'
[0.163s] Level 1:colcon.colcon_core.package_identification:_identify(log) ignored
[0.163s] Level 1:colcon.colcon_core.package_identification:_identify(src) by extensions ['ignore', 'ignore_ament_install']
[0.163s] Level 1:colcon.colcon_core.package_identification:_identify(src) by extension 'ignore'
[0.163s] Level 1:colcon.colcon_core.package_identification:_identify(src) by extension 'ignore_ament_install'
[0.163s] Level 1:colcon.colcon_core.package_identification:_identify(src) by extensions ['colcon_pkg']
[0.163s] Level 1:colcon.colcon_core.package_identification:_identify(src) by extension 'colcon_pkg'
[0.163s] Level 1:colcon.colcon_core.package_identification:_identify(src) by extensions ['colcon_meta']
[0.163s] Level 1:colcon.colcon_core.package_identification:_identify(src) by extension 'colcon_meta'
[0.163s] Level 1:colcon.colcon_core.package_identification:_identify(src) by extensions ['ros']
[0.163s] Level 1:colcon.colcon_core.package_identification:_identify(src) by extension 'ros'
[0.163s] Level 1:colcon.colcon_core.package_identification:_identify(src) by extensions ['cmake', 'python']
[0.163s] Level 1:colcon.colcon_core.package_identification:_identify(src) by extension 'cmake'
[0.163s] Level 1:colcon.colcon_core.package_identification:_identify(src) by extension 'python'
[0.163s] Level 1:colcon.colcon_core.package_identification:_identify(src) by extensions ['python_setup_py']
[0.163s] Level 1:colcon.colcon_core.package_identification:_identify(src) by extension 'python_setup_py'
[0.164s] Level 1:colcon.colcon_core.package_identification:_identify(src/ball_chaser) by extensions ['ignore', 'ignore_ament_install']
[0.164s] Level 1:colcon.colcon_core.package_identification:_identify(src/ball_chaser) by extension 'ignore'
[0.164s] Level 1:colcon.colcon_core.package_identification:_identify(src/ball_chaser) by extension 'ignore_ament_install'
[0.164s] Level 1:colcon.colcon_core.package_identification:_identify(src/ball_chaser) by extensions ['colcon_pkg']
[0.164s] Level 1:colcon.colcon_core.package_identification:_identify(src/ball_chaser) by extension 'colcon_pkg'
[0.164s] Level 1:colcon.colcon_core.package_identification:_identify(src/ball_chaser) by extensions ['colcon_meta']
[0.164s] Level 1:colcon.colcon_core.package_identification:_identify(src/ball_chaser) by extension 'colcon_meta'
[0.164s] Level 1:colcon.colcon_core.package_identification:_identify(src/ball_chaser) by extensions ['ros']
[0.164s] Level 1:colcon.colcon_core.package_identification:_identify(src/ball_chaser) by extension 'ros'
[0.165s] DEBUG:colcon.colcon_core.package_identification:Package 'src/ball_chaser' with type 'ros.ament_python' and name 'ball_chaser'
[0.165s] Level 1:colcon.colcon_core.package_identification:_identify(src/my_robot_bringup) by extensions ['ignore', 'ignore_ament_install']
[0.165s] Level 1:colcon.colcon_core.package_identification:_identify(src/my_robot_bringup) by extension 'ignore'
[0.165s] Level 1:colcon.colcon_core.package_identification:_identify(src/my_robot_bringup) by extension 'ignore_ament_install'
[0.165s] Level 1:colcon.colcon_core.package_identification:_identify(src/my_robot_bringup) by extensions ['colcon_pkg']
[0.165s] Level 1:colcon.colcon_core.package_identification:_identify(src/my_robot_bringup) by extension 'colcon_pkg'
[0.165s] Level 1:colcon.colcon_core.package_identification:_identify(src/my_robot_bringup) by extensions ['colcon_meta']
[0.165s] Level 1:colcon.colcon_core.package_identification:_identify(src/my_robot_bringup) by extension 'colcon_meta'
[0.165s] Level 1:colcon.colcon_core.package_identification:_identify(src/my_robot_bringup) by extensions ['ros']
[0.165s] Level 1:colcon.colcon_core.package_identification:_identify(src/my_robot_bringup) by extension 'ros'
[0.166s] DEBUG:colcon.colcon_core.package_identification:Package 'src/my_robot_bringup' with type 'ros.ament_python' and name 'my_robot_bringup'
[0.166s] Level 1:colcon.colcon_core.package_identification:_identify(src/my_robot_control) by extensions ['ignore', 'ignore_ament_install']
[0.166s] Level 1:colcon.colcon_core.package_identification:_identify(src/my_robot_control) by extension 'ignore'
[0.166s] Level 1:colcon.colcon_core.package_identification:_identify(src/my_robot_control) by extension 'ignore_ament_install'
[0.166s] Level 1:colcon.colcon_core.package_identification:_identify(src/my_robot_control) by extensions ['colcon_pkg']
[0.166s] Level 1:colcon.colcon_core.package_identification:_identify(src/my_robot_control) by extension 'colcon_pkg'
[0.166s] Level 1:colcon.colcon_core.package_identification:_identify(src/my_robot_control) by extensions ['colcon_meta']
[0.166s] Level 1:colcon.colcon_core.package_identification:_identify(src/my_robot_control) by extension 'colcon_meta'
[0.166s] Level 1:colcon.colcon_core.package_identification:_identify(src/my_robot_control) by extensions ['ros']
[0.166s] Level 1:colcon.colcon_core.package_identification:_identify(src/my_robot_control) by extension 'ros'
[0.166s] DEBUG:colcon.colcon_core.package_identification:Package 'src/my_robot_control' with type 'ros.ament_cmake' and name 'my_robot_control'
[0.166s] Level 1:colcon.colcon_core.package_identification:_identify(src/my_robot_description) by extensions ['ignore', 'ignore_ament_install']
[0.167s] Level 1:colcon.colcon_core.package_identification:_identify(src/my_robot_description) by extension 'ignore'
[0.167s] Level 1:colcon.colcon_core.package_identification:_identify(src/my_robot_description) by extension 'ignore_ament_install'
[0.167s] Level 1:colcon.colcon_core.package_identification:_identify(src/my_robot_description) by extensions ['colcon_pkg']
[0.167s] Level 1:colcon.colcon_core.package_identification:_identify(src/my_robot_description) by extension 'colcon_pkg'
[0.167s] Level 1:colcon.colcon_core.package_identification:_identify(src/my_robot_description) by extensions ['colcon_meta']
[0.167s] Level 1:colcon.colcon_core.package_identification:_identify(src/my_robot_description) by extension 'colcon_meta'
[0.167s] Level 1:colcon.colcon_core.package_identification:_identify(src/my_robot_description) by extensions ['ros']
[0.167s] Level 1:colcon.colcon_core.package_identification:_identify(src/my_robot_description) by extension 'ros'
[0.167s] DEBUG:colcon.colcon_core.package_identification:Package 'src/my_robot_description' with type 'ros.ament_cmake' and name 'my_robot_description'
[0.167s] Level 1:colcon.colcon_core.package_identification:_identify(worlds) by extensions ['ignore', 'ignore_ament_install']
[0.167s] Level 1:colcon.colcon_core.package_identification:_identify(worlds) by extension 'ignore'
[0.167s] Level 1:colcon.colcon_core.package_identification:_identify(worlds) by extension 'ignore_ament_install'
[0.167s] Level 1:colcon.colcon_core.package_identification:_identify(worlds) by extensions ['colcon_pkg']
[0.167s] Level 1:colcon.colcon_core.package_identification:_identify(worlds) by extension 'colcon_pkg'
[0.167s] Level 1:colcon.colcon_core.package_identification:_identify(worlds) by extensions ['colcon_meta']
[0.167s] Level 1:colcon.colcon_core.package_identification:_identify(worlds) by extension 'colcon_meta'
[0.167s] Level 1:colcon.colcon_core.package_identification:_identify(worlds) by extensions ['ros']
[0.167s] Level 1:colcon.colcon_core.package_identification:_identify(worlds) by extension 'ros'
[0.167s] Level 1:colcon.colcon_core.package_identification:_identify(worlds) by extensions ['cmake', 'python']
[0.167s] Level 1:colcon.colcon_core.package_identification:_identify(worlds) by extension 'cmake'
[0.167s] Level 1:colcon.colcon_core.package_identification:_identify(worlds) by extension 'python'
[0.167s] Level 1:colcon.colcon_core.package_identification:_identify(worlds) by extensions ['python_setup_py']
[0.167s] Level 1:colcon.colcon_core.package_identification:_identify(worlds) by extension 'python_setup_py'
[0.167s] Level 1:colcon.colcon_core.package_discovery:discover_packages(recursive) using defaults
[0.167s] Level 1:colcon.colcon_core.package_discovery:discover_packages(ignore) discover
[0.167s] Level 1:colcon.colcon_core.package_discovery:discover_packages(ignore) using defaults
[0.167s] Level 1:colcon.colcon_core.package_discovery:discover_packages(path) discover
[0.167s] Level 1:colcon.colcon_core.package_discovery:discover_packages(path) using defaults
[0.187s] Level 1:colcon.colcon_core.package_discovery:discover_packages(prefix_path) check parameters
[0.187s] Level 1:colcon.colcon_core.package_discovery:discover_packages(prefix_path) discover
[0.188s] DEBUG:colcon.colcon_installed_package_information.package_discovery:Found 4 installed packages in /home/aliure/robot_ws/install
[0.189s] DEBUG:colcon.colcon_installed_package_information.package_discovery:Found 396 installed packages in /opt/ros/humble
[0.190s] Level 1:colcon.colcon_core.package_discovery:discover_packages(prefix_path) using defaults
[0.216s] Level 5:colcon.colcon_core.verb:set package 'ball_chaser' build argument 'cmake_args' from command line to 'None'
[0.216s] Level 5:colcon.colcon_core.verb:set package 'ball_chaser' build argument 'cmake_target' from command line to 'None'
[0.216s] Level 5:colcon.colcon_core.verb:set package 'ball_chaser' build argument 'cmake_target_skip_unavailable' from command line to 'False'
[0.216s] Level 5:colcon.colcon_core.verb:set package 'ball_chaser' build argument 'cmake_clean_cache' from command line to 'False'
[0.216s] Level 5:colcon.colcon_core.verb:set package 'ball_chaser' build argument 'cmake_clean_first' from command line to 'False'
[0.216s] Level 5:colcon.colcon_core.verb:set package 'ball_chaser' build argument 'cmake_force_configure' from command line to 'False'
[0.216s] Level 5:colcon.colcon_core.verb:set package 'ball_chaser' build argument 'ament_cmake_args' from command line to 'None'
[0.216s] Level 5:colcon.colcon_core.verb:set package 'ball_chaser' build argument 'catkin_cmake_args' from command line to 'None'
[0.216s] Level 5:colcon.colcon_core.verb:set package 'ball_chaser' build argument 'catkin_skip_building_tests' from command line to 'False'
[0.217s] DEBUG:colcon.colcon_core.verb:Building package 'ball_chaser' with the following arguments: {'ament_cmake_args': None, 'build_base': '/home/aliure/robot_ws/build/ball_chaser', 'catkin_cmake_args': None, 'catkin_skip_building_tests': False, 'cmake_args': None, 'cmake_clean_cache': False, 'cmake_clean_first': False, 'cmake_force_configure': False, 'cmake_target': None, 'cmake_target_skip_unavailable': False, 'install_base': '/home/aliure/robot_ws/install/ball_chaser', 'merge_install': False, 'path': '/home/aliure/robot_ws/src/ball_chaser', 'symlink_install': True, 'test_result_base': None}
[0.217s] Level 5:colcon.colcon_core.verb:set package 'my_robot_bringup' build argument 'cmake_args' from command line to 'None'
[0.217s] Level 5:colcon.colcon_core.verb:set package 'my_robot_bringup' build argument 'cmake_target' from command line to 'None'
[0.217s] Level 5:colcon.colcon_core.verb:set package 'my_robot_bringup' build argument 'cmake_target_skip_unavailable' from command line to 'False'
[0.217s] Level 5:colcon.colcon_core.verb:set package 'my_robot_bringup' build argument 'cmake_clean_cache' from command line to 'False'
[0.217s] Level 5:colcon.colcon_core.verb:set package 'my_robot_bringup' build argument 'cmake_clean_first' from command line to 'False'
[0.217s] Level 5:colcon.colcon_core.verb:set package 'my_robot_bringup' build argument 'cmake_force_configure' from command line to 'False'
[0.217s] Level 5:colcon.colcon_core.verb:set package 'my_robot_bringup' build argument 'ament_cmake_args' from command line to 'None'
[0.217s] Level 5:colcon.colcon_core.verb:set package 'my_robot_bringup' build argument 'catkin_cmake_args' from command line to 'None'
[0.217s] Level 5:colcon.colcon_core.verb:set package 'my_robot_bringup' build argument 'catkin_skip_building_tests' from command line to 'False'
[0.217s] DEBUG:colcon.colcon_core.verb:Building package 'my_robot_bringup' with the following arguments: {'ament_cmake_args': None, 'build_base': '/home/aliure/robot_ws/build/my_robot_bringup', 'catkin_cmake_args': None, 'catkin_skip_building_tests': False, 'cmake_args': None, 'cmake_clean_cache': False, 'cmake_clean_first': False, 'cmake_force_configure': False, 'cmake_target': None, 'cmake_target_skip_unavailable': False, 'install_base': '/home/aliure/robot_ws/install/my_robot_bringup', 'merge_install': False, 'path': '/home/aliure/robot_ws/src/my_robot_bringup', 'symlink_install': True, 'test_result_base': None}
[0.217s] Level 5:colcon.colcon_core.verb:set package 'my_robot_control' build argument 'cmake_args' from command line to 'None'
[0.217s] Level 5:colcon.colcon_core.verb:set package 'my_robot_control' build argument 'cmake_target' from command line to 'None'
[0.217s] Level 5:colcon.colcon_core.verb:set package 'my_robot_control' build argument 'cmake_target_skip_unavailable' from command line to 'False'
[0.217s] Level 5:colcon.colcon_core.verb:set package 'my_robot_control' build argument 'cmake_clean_cache' from command line to 'False'
[0.217s] Level 5:colcon.colcon_core.verb:set package 'my_robot_control' build argument 'cmake_clean_first' from command line to 'False'
[0.217s] Level 5:colcon.colcon_core.verb:set package 'my_robot_control' build argument 'cmake_force_configure' from command line to 'False'
[0.217s] Level 5:colcon.colcon_core.verb:set package 'my_robot_control' build argument 'ament_cmake_args' from command line to 'None'
[0.217s] Level 5:colcon.colcon_core.verb:set package 'my_robot_control' build argument 'catkin_cmake_args' from command line to 'None'
[0.217s] Level 5:colcon.colcon_core.verb:set package 'my_robot_control' build argument 'catkin_skip_building_tests' from command line to 'False'
[0.217s] DEBUG:colcon.colcon_core.verb:Building package 'my_robot_control' with the following arguments: {'ament_cmake_args': None, 'build_base': '/home/aliure/robot_ws/build/my_robot_control', 'catkin_cmake_args': None, 'catkin_skip_building_tests': False, 'cmake_args': None, 'cmake_clean_cache': False, 'cmake_clean_first': False, 'cmake_force_configure': False, 'cmake_target': None, 'cmake_target_skip_unavailable': False, 'install_base': '/home/aliure/robot_ws/install/my_robot_control', 'merge_install': False, 'path': '/home/aliure/robot_ws/src/my_robot_control', 'symlink_install': True, 'test_result_base': None}
[0.217s] Level 5:colcon.colcon_core.verb:set package 'my_robot_description' build argument 'cmake_args' from command line to 'None'
[0.217s] Level 5:colcon.colcon_core.verb:set package 'my_robot_description' build argument 'cmake_target' from command line to 'None'
[0.217s] Level 5:colcon.colcon_core.verb:set package 'my_robot_description' build argument 'cmake_target_skip_unavailable' from command line to 'False'
[0.217s] Level 5:colcon.colcon_core.verb:set package 'my_robot_description' build argument 'cmake_clean_cache' from command line to 'False'
[0.217s] Level 5:colcon.colcon_core.verb:set package 'my_robot_description' build argument 'cmake_clean_first' from command line to 'False'
[0.217s] Level 5:colcon.colcon_core.verb:set package 'my_robot_description' build argument 'cmake_force_configure' from command line to 'False'
[0.217s] Level 5:colcon.colcon_core.verb:set package 'my_robot_description' build argument 'ament_cmake_args' from command line to 'None'
[0.217s] Level 5:colcon.colcon_core.verb:set package 'my_robot_description' build argument 'catkin_cmake_args' from command line to 'None'
[0.217s] Level 5:colcon.colcon_core.verb:set package 'my_robot_description' build argument 'catkin_skip_building_tests' from command line to 'False'
[0.217s] DEBUG:colcon.colcon_core.verb:Building package 'my_robot_description' with the following arguments: {'ament_cmake_args': None, 'build_base': '/home/aliure/robot_ws/build/my_robot_description', 'catkin_cmake_args': None, 'catkin_skip_building_tests': False, 'cmake_args': None, 'cmake_clean_cache': False, 'cmake_clean_first': False, 'cmake_force_configure': False, 'cmake_target': None, 'cmake_target_skip_unavailable': False, 'install_base': '/home/aliure/robot_ws/install/my_robot_description', 'merge_install': False, 'path': '/home/aliure/robot_ws/src/my_robot_description', 'symlink_install': True, 'test_result_base': None}
[0.218s] INFO:colcon.colcon_core.executor:Executing jobs using 'parallel' executor
[0.218s] DEBUG:colcon.colcon_parallel_executor.executor.parallel:run_until_complete
[0.218s] INFO:colcon.colcon_ros.task.ament_python.build:Building ROS package in '/home/aliure/robot_ws/src/ball_chaser' with build type 'ament_python'
[0.219s] Level 1:colcon.colcon_core.shell:create_environment_hook('ball_chaser', 'ament_prefix_path')
[0.220s] INFO:colcon.colcon_core.plugin_system:Skipping extension 'colcon_core.shell.bat': Not used on non-Windows systems
[0.220s] INFO:colcon.colcon_core.shell:Creating environment hook '/home/aliure/robot_ws/install/ball_chaser/share/ball_chaser/hook/ament_prefix_path.ps1'
[0.221s] INFO:colcon.colcon_core.shell:Creating environment descriptor '/home/aliure/robot_ws/install/ball_chaser/share/ball_chaser/hook/ament_prefix_path.dsv'
[0.221s] INFO:colcon.colcon_core.shell:Creating environment hook '/home/aliure/robot_ws/install/ball_chaser/share/ball_chaser/hook/ament_prefix_path.sh'
[0.222s] INFO:colcon.colcon_core.shell:Skip shell extension 'powershell' for command environment: Not usable outside of PowerShell
[0.222s] DEBUG:colcon.colcon_core.shell:Skip shell extension 'dsv' for command environment
[0.224s] INFO:colcon.colcon_ros.task.ament_python.build:Building ROS package in '/home/aliure/robot_ws/src/my_robot_bringup' with build type 'ament_python'
[0.224s] Level 1:colcon.colcon_core.shell:create_environment_hook('my_robot_bringup', 'ament_prefix_path')
[0.224s] INFO:colcon.colcon_core.shell:Creating environment hook '/home/aliure/robot_ws/install/my_robot_bringup/share/my_robot_bringup/hook/ament_prefix_path.ps1'
[0.225s] INFO:colcon.colcon_core.shell:Creating environment descriptor '/home/aliure/robot_ws/install/my_robot_bringup/share/my_robot_bringup/hook/ament_prefix_path.dsv'
[0.225s] INFO:colcon.colcon_core.shell:Creating environment hook '/home/aliure/robot_ws/install/my_robot_bringup/share/my_robot_bringup/hook/ament_prefix_path.sh'
[0.225s] INFO:colcon.colcon_core.shell:Skip shell extension 'powershell' for command environment: Not usable outside of PowerShell
[0.225s] DEBUG:colcon.colcon_core.shell:Skip shell extension 'dsv' for command environment
[0.227s] INFO:colcon.colcon_ros.task.ament_cmake.build:Building ROS package in '/home/aliure/robot_ws/src/my_robot_control' with build type 'ament_cmake'
[0.227s] INFO:colcon.colcon_cmake.task.cmake.build:Building CMake package in '/home/aliure/robot_ws/src/my_robot_control'
[0.227s] INFO:colcon.colcon_core.shell:Skip shell extension 'powershell' for command environment: Not usable outside of PowerShell
[0.227s] DEBUG:colcon.colcon_core.shell:Skip shell extension 'dsv' for command environment
[0.229s] INFO:colcon.colcon_ros.task.ament_cmake.build:Building ROS package in '/home/aliure/robot_ws/src/my_robot_description' with build type 'ament_cmake'
[0.229s] INFO:colcon.colcon_cmake.task.cmake.build:Building CMake package in '/home/aliure/robot_ws/src/my_robot_description'
[0.230s] INFO:colcon.colcon_core.shell:Skip shell extension 'powershell' for command environment: Not usable outside of PowerShell
[0.230s] DEBUG:colcon.colcon_core.shell:Skip shell extension 'dsv' for command environment
[0.384s] INFO:colcon.colcon_core.task.python.build:Building Python package in '/home/aliure/robot_ws/src/ball_chaser'
[0.384s] INFO:colcon.colcon_core.shell:Skip shell extension 'powershell' for command environment: Not usable outside of PowerShell
[0.384s] DEBUG:colcon.colcon_core.shell:Skip shell extension 'dsv' for command environment
[0.545s] INFO:colcon.colcon_core.task.python.build:Building Python package in '/home/aliure/robot_ws/src/my_robot_bringup'
[0.545s] INFO:colcon.colcon_core.shell:Skip shell extension 'powershell' for command environment: Not usable outside of PowerShell
[0.545s] DEBUG:colcon.colcon_core.shell:Skip shell extension 'dsv' for command environment
[0.551s] DEBUG:colcon.colcon_core.event_handler.log_command:Invoking command in '/home/aliure/robot_ws/build/my_robot_control': CMAKE_PREFIX_PATH=${CMAKE_PREFIX_PATH}:/home/aliure/robot_ws/install/my_robot_bringup:/home/aliure/robot_ws/install/ball_chaser:/opt/ros/humble /usr/bin/cmake --build /home/aliure/robot_ws/build/my_robot_control -- -j12 -l12
[0.553s] DEBUG:colcon.colcon_core.event_handler.log_command:Invoking command in '/home/aliure/robot_ws/build/my_robot_description': CMAKE_PREFIX_PATH=${CMAKE_PREFIX_PATH}:/home/aliure/robot_ws/install/my_robot_bringup:/home/aliure/robot_ws/install/ball_chaser:/opt/ros/humble /usr/bin/cmake --build /home/aliure/robot_ws/build/my_robot_description -- -j12 -l12
[0.582s] DEBUG:colcon.colcon_core.event_handler.log_command:Invoked command in '/home/aliure/robot_ws/build/my_robot_description' returned '0': CMAKE_PREFIX_PATH=${CMAKE_PREFIX_PATH}:/home/aliure/robot_ws/install/my_robot_bringup:/home/aliure/robot_ws/install/ball_chaser:/opt/ros/humble /usr/bin/cmake --build /home/aliure/robot_ws/build/my_robot_description -- -j12 -l12
[0.591s] DEBUG:colcon.colcon_core.event_handler.log_command:Invoking command in '/home/aliure/robot_ws/build/my_robot_description': CMAKE_PREFIX_PATH=${CMAKE_PREFIX_PATH}:/home/aliure/robot_ws/install/my_robot_bringup:/home/aliure/robot_ws/install/ball_chaser:/opt/ros/humble /usr/bin/cmake --install /home/aliure/robot_ws/build/my_robot_description
[0.592s] DEBUG:colcon.colcon_core.event_handler.log_command:Invoked command in '/home/aliure/robot_ws/build/my_robot_control' returned '0': CMAKE_PREFIX_PATH=${CMAKE_PREFIX_PATH}:/home/aliure/robot_ws/install/my_robot_bringup:/home/aliure/robot_ws/install/ball_chaser:/opt/ros/humble /usr/bin/cmake --build /home/aliure/robot_ws/build/my_robot_control -- -j12 -l12
[0.593s] DEBUG:colcon.colcon_core.event_handler.log_command:Invoking command in '/home/aliure/robot_ws/build/my_robot_control': CMAKE_PREFIX_PATH=${CMAKE_PREFIX_PATH}:/home/aliure/robot_ws/install/my_robot_bringup:/home/aliure/robot_ws/install/ball_chaser:/opt/ros/humble /usr/bin/cmake --install /home/aliure/robot_ws/build/my_robot_control
[0.605s] Level 1:colcon.colcon_core.environment:create_environment_scripts_only(my_robot_description)
[0.605s] DEBUG:colcon.colcon_core.event_handler.log_command:Invoked command in '/home/aliure/robot_ws/build/my_robot_description' returned '0': CMAKE_PREFIX_PATH=${CMAKE_PREFIX_PATH}:/home/aliure/robot_ws/install/my_robot_bringup:/home/aliure/robot_ws/install/ball_chaser:/opt/ros/humble /usr/bin/cmake --install /home/aliure/robot_ws/build/my_robot_description
[0.608s] Level 1:colcon.colcon_core.environment:checking '/home/aliure/robot_ws/install/my_robot_description' for CMake module files
[0.609s] Level 1:colcon.colcon_core.environment:checking '/home/aliure/robot_ws/install/my_robot_description' for CMake config files
[0.609s] Level 1:colcon.colcon_core.shell:create_environment_hook('my_robot_description', 'cmake_prefix_path')
[0.610s] INFO:colcon.colcon_core.shell:Creating environment hook '/home/aliure/robot_ws/install/my_robot_description/share/my_robot_description/hook/cmake_prefix_path.ps1'
[0.610s] INFO:colcon.colcon_core.shell:Creating environment descriptor '/home/aliure/robot_ws/install/my_robot_description/share/my_robot_description/hook/cmake_prefix_path.dsv'
[0.611s] INFO:colcon.colcon_core.shell:Creating environment hook '/home/aliure/robot_ws/install/my_robot_description/share/my_robot_description/hook/cmake_prefix_path.sh'
[0.611s] Level 1:colcon.colcon_core.environment:checking '/home/aliure/robot_ws/install/my_robot_description/bin'
[0.611s] Level 1:colcon.colcon_core.environment:checking '/home/aliure/robot_ws/install/my_robot_description/lib/pkgconfig/my_robot_description.pc'
[0.611s] Level 1:colcon.colcon_core.environment:checking '/home/aliure/robot_ws/install/my_robot_description/lib/python3.10/site-packages'
[0.612s] Level 1:colcon.colcon_core.environment:checking '/home/aliure/robot_ws/install/my_robot_description/bin'
[0.612s] INFO:colcon.colcon_core.shell:Creating package script '/home/aliure/robot_ws/install/my_robot_description/share/my_robot_description/package.ps1'
[0.613s] INFO:colcon.colcon_core.shell:Creating package descriptor '/home/aliure/robot_ws/install/my_robot_description/share/my_robot_description/package.dsv'
[0.613s] INFO:colcon.colcon_core.shell:Creating package script '/home/aliure/robot_ws/install/my_robot_description/share/my_robot_description/package.sh'
[0.613s] INFO:colcon.colcon_core.shell:Creating package script '/home/aliure/robot_ws/install/my_robot_description/share/my_robot_description/package.bash'
[0.614s] INFO:colcon.colcon_core.shell:Creating package script '/home/aliure/robot_ws/install/my_robot_description/share/my_robot_description/package.zsh'
[0.614s] Level 1:colcon.colcon_core.environment:create_file_with_runtime_dependencies(/home/aliure/robot_ws/install/my_robot_description/share/colcon-core/packages/my_robot_description)
[0.615s] Level 1:colcon.colcon_core.environment:create_environment_scripts_only(my_robot_description)
[0.615s] Level 1:colcon.colcon_core.environment:checking '/home/aliure/robot_ws/install/my_robot_description' for CMake module files
[0.615s] Level 1:colcon.colcon_core.environment:checking '/home/aliure/robot_ws/install/my_robot_description' for CMake config files
[0.615s] Level 1:colcon.colcon_core.shell:create_environment_hook('my_robot_description', 'cmake_prefix_path')
[0.615s] INFO:colcon.colcon_core.shell:Creating environment hook '/home/aliure/robot_ws/install/my_robot_description/share/my_robot_description/hook/cmake_prefix_path.ps1'
[0.615s] INFO:colcon.colcon_core.shell:Creating environment descriptor '/home/aliure/robot_ws/install/my_robot_description/share/my_robot_description/hook/cmake_prefix_path.dsv'
[0.616s] INFO:colcon.colcon_core.shell:Creating environment hook '/home/aliure/robot_ws/install/my_robot_description/share/my_robot_description/hook/cmake_prefix_path.sh'
[0.616s] Level 1:colcon.colcon_core.environment:checking '/home/aliure/robot_ws/install/my_robot_description/bin'
[0.616s] Level 1:colcon.colcon_core.environment:checking '/home/aliure/robot_ws/install/my_robot_description/lib/pkgconfig/my_robot_description.pc'
[0.616s] Level 1:colcon.colcon_core.environment:checking '/home/aliure/robot_ws/install/my_robot_description/lib/python3.10/site-packages'
[0.616s] Level 1:colcon.colcon_core.environment:checking '/home/aliure/robot_ws/install/my_robot_description/bin'
[0.616s] INFO:colcon.colcon_core.shell:Creating package script '/home/aliure/robot_ws/install/my_robot_description/share/my_robot_description/package.ps1'
[0.617s] INFO:colcon.colcon_core.shell:Creating package descriptor '/home/aliure/robot_ws/install/my_robot_description/share/my_robot_description/package.dsv'
[0.617s] INFO:colcon.colcon_core.shell:Creating package script '/home/aliure/robot_ws/install/my_robot_description/share/my_robot_description/package.sh'
[0.617s] INFO:colcon.colcon_core.shell:Creating package script '/home/aliure/robot_ws/install/my_robot_description/share/my_robot_description/package.bash'
[0.617s] INFO:colcon.colcon_core.shell:Creating package script '/home/aliure/robot_ws/install/my_robot_description/share/my_robot_description/package.zsh'
[0.618s] Level 1:colcon.colcon_core.environment:create_file_with_runtime_dependencies(/home/aliure/robot_ws/install/my_robot_description/share/colcon-core/packages/my_robot_description)
[0.619s] Level 1:colcon.colcon_core.environment:create_environment_scripts_only(my_robot_control)
[0.619s] Level 1:colcon.colcon_core.environment:checking '/home/aliure/robot_ws/install/my_robot_control' for CMake module files
[0.620s] DEBUG:colcon.colcon_core.event_handler.log_command:Invoked command in '/home/aliure/robot_ws/build/my_robot_control' returned '0': CMAKE_PREFIX_PATH=${CMAKE_PREFIX_PATH}:/home/aliure/robot_ws/install/my_robot_bringup:/home/aliure/robot_ws/install/ball_chaser:/opt/ros/humble /usr/bin/cmake --install /home/aliure/robot_ws/build/my_robot_control
[0.620s] Level 1:colcon.colcon_core.environment:checking '/home/aliure/robot_ws/install/my_robot_control' for CMake config files
[0.620s] Level 1:colcon.colcon_core.shell:create_environment_hook('my_robot_control', 'cmake_prefix_path')
[0.621s] INFO:colcon.colcon_core.shell:Creating environment hook '/home/aliure/robot_ws/install/my_robot_control/share/my_robot_control/hook/cmake_prefix_path.ps1'
[0.621s] INFO:colcon.colcon_core.shell:Creating environment descriptor '/home/aliure/robot_ws/install/my_robot_control/share/my_robot_control/hook/cmake_prefix_path.dsv'
[0.622s] INFO:colcon.colcon_core.shell:Creating environment hook '/home/aliure/robot_ws/install/my_robot_control/share/my_robot_control/hook/cmake_prefix_path.sh'
[0.622s] Level 1:colcon.colcon_core.environment:checking '/home/aliure/robot_ws/install/my_robot_control/bin'
[0.622s] Level 1:colcon.colcon_core.environment:checking '/home/aliure/robot_ws/install/my_robot_control/lib/pkgconfig/my_robot_control.pc'
[0.622s] Level 1:colcon.colcon_core.environment:checking '/home/aliure/robot_ws/install/my_robot_control/lib/python3.10/site-packages'
[0.622s] Level 1:colcon.colcon_core.environment:checking '/home/aliure/robot_ws/install/my_robot_control/bin'
[0.623s] INFO:colcon.colcon_core.shell:Creating package script '/home/aliure/robot_ws/install/my_robot_control/share/my_robot_control/package.ps1'
[0.623s] INFO:colcon.colcon_core.shell:Creating package descriptor '/home/aliure/robot_ws/install/my_robot_control/share/my_robot_control/package.dsv'
[0.623s] INFO:colcon.colcon_core.shell:Creating package script '/home/aliure/robot_ws/install/my_robot_control/share/my_robot_control/package.sh'
[0.623s] INFO:colcon.colcon_core.shell:Creating package script '/home/aliure/robot_ws/install/my_robot_control/share/my_robot_control/package.bash'
[0.623s] INFO:colcon.colcon_core.shell:Creating package script '/home/aliure/robot_ws/install/my_robot_control/share/my_robot_control/package.zsh'
[0.624s] Level 1:colcon.colcon_core.environment:create_file_with_runtime_dependencies(/home/aliure/robot_ws/install/my_robot_control/share/colcon-core/packages/my_robot_control)
[0.624s] Level 1:colcon.colcon_core.environment:create_environment_scripts_only(my_robot_control)
[0.624s] Level 1:colcon.colcon_core.environment:checking '/home/aliure/robot_ws/install/my_robot_control' for CMake module files
[0.624s] Level 1:colcon.colcon_core.environment:checking '/home/aliure/robot_ws/install/my_robot_control' for CMake config files
[0.624s] Level 1:colcon.colcon_core.shell:create_environment_hook('my_robot_control', 'cmake_prefix_path')
[0.624s] INFO:colcon.colcon_core.shell:Creating environment hook '/home/aliure/robot_ws/install/my_robot_control/share/my_robot_control/hook/cmake_prefix_path.ps1'
[0.625s] INFO:colcon.colcon_core.shell:Creating environment descriptor '/home/aliure/robot_ws/install/my_robot_control/share/my_robot_control/hook/cmake_prefix_path.dsv'
[0.625s] INFO:colcon.colcon_core.shell:Creating environment hook '/home/aliure/robot_ws/install/my_robot_control/share/my_robot_control/hook/cmake_prefix_path.sh'
[0.625s] Level 1:colcon.colcon_core.environment:checking '/home/aliure/robot_ws/install/my_robot_control/bin'
[0.625s] Level 1:colcon.colcon_core.environment:checking '/home/aliure/robot_ws/install/my_robot_control/lib/pkgconfig/my_robot_control.pc'
[0.625s] Level 1:colcon.colcon_core.environment:checking '/home/aliure/robot_ws/install/my_robot_control/lib/python3.10/site-packages'
[0.625s] Level 1:colcon.colcon_core.environment:checking '/home/aliure/robot_ws/install/my_robot_control/bin'
[0.626s] INFO:colcon.colcon_core.shell:Creating package script '/home/aliure/robot_ws/install/my_robot_control/share/my_robot_control/package.ps1'
[0.626s] INFO:colcon.colcon_core.shell:Creating package descriptor '/home/aliure/robot_ws/install/my_robot_control/share/my_robot_control/package.dsv'
[0.626s] INFO:colcon.colcon_core.shell:Creating package script '/home/aliure/robot_ws/install/my_robot_control/share/my_robot_control/package.sh'
[0.626s] INFO:colcon.colcon_core.shell:Creating package script '/home/aliure/robot_ws/install/my_robot_control/share/my_robot_control/package.bash'
[0.627s] INFO:colcon.colcon_core.shell:Creating package script '/home/aliure/robot_ws/install/my_robot_control/share/my_robot_control/package.zsh'
[0.627s] Level 1:colcon.colcon_core.environment:create_file_with_runtime_dependencies(/home/aliure/robot_ws/install/my_robot_control/share/colcon-core/packages/my_robot_control)
[0.774s] DEBUG:colcon.colcon_core.event_handler.log_command:Invoking command in '/home/aliure/robot_ws/build/my_robot_bringup': PYTHONPATH=/home/aliure/robot_ws/build/my_robot_bringup/prefix_override:/usr/lib/python3/dist-packages/colcon_core/task/python/colcon_distutils_commands:/home/aliure/robot_ws/install/my_robot_bringup/lib/python3.10/site-packages:${PYTHONPATH} /usr/bin/python3 -W ignore:setup.py install is deprecated -W ignore:easy_install command is deprecated setup.py develop --editable --build-directory /home/aliure/robot_ws/build/my_robot_bringup/build --no-deps symlink_data
[0.775s] DEBUG:colcon.colcon_core.event_handler.log_command:Invoking command in '/home/aliure/robot_ws/build/ball_chaser': PYTHONPATH=/home/aliure/robot_ws/build/ball_chaser/prefix_override:/usr/lib/python3/dist-packages/colcon_core/task/python/colcon_distutils_commands:/home/aliure/robot_ws/install/ball_chaser/lib/python3.10/site-packages:${PYTHONPATH} /usr/bin/python3 -W ignore:setup.py install is deprecated -W ignore:easy_install command is deprecated setup.py develop --editable --build-directory /home/aliure/robot_ws/build/ball_chaser/build --no-deps symlink_data
[1.039s] Level 1:colcon.colcon_core.shell:create_environment_hook('my_robot_bringup', 'pythonpath_develop')
[1.040s] INFO:colcon.colcon_core.shell:Creating environment hook '/home/aliure/robot_ws/build/my_robot_bringup/share/my_robot_bringup/hook/pythonpath_develop.ps1'
[1.040s] DEBUG:colcon.colcon_core.event_handler.log_command:Invoked command in '/home/aliure/robot_ws/build/my_robot_bringup' returned '0': PYTHONPATH=/home/aliure/robot_ws/build/my_robot_bringup/prefix_override:/usr/lib/python3/dist-packages/colcon_core/task/python/colcon_distutils_commands:/home/aliure/robot_ws/install/my_robot_bringup/lib/python3.10/site-packages:${PYTHONPATH} /usr/bin/python3 -W ignore:setup.py install is deprecated -W ignore:easy_install command is deprecated setup.py develop --editable --build-directory /home/aliure/robot_ws/build/my_robot_bringup/build --no-deps symlink_data
[1.040s] INFO:colcon.colcon_core.shell:Creating environment descriptor '/home/aliure/robot_ws/build/my_robot_bringup/share/my_robot_bringup/hook/pythonpath_develop.dsv'
[1.041s] INFO:colcon.colcon_core.shell:Creating environment hook '/home/aliure/robot_ws/build/my_robot_bringup/share/my_robot_bringup/hook/pythonpath_develop.sh'
[1.041s] Level 1:colcon.colcon_core.environment:checking '/home/aliure/robot_ws/install/my_robot_bringup' for CMake module files
[1.041s] Level 1:colcon.colcon_core.environment:checking '/home/aliure/robot_ws/install/my_robot_bringup' for CMake config files
[1.042s] Level 1:colcon.colcon_core.environment:checking '/home/aliure/robot_ws/install/my_robot_bringup/lib'
[1.042s] Level 1:colcon.colcon_core.environment:checking '/home/aliure/robot_ws/install/my_robot_bringup/bin'
[1.042s] Level 1:colcon.colcon_core.environment:checking '/home/aliure/robot_ws/install/my_robot_bringup/lib/pkgconfig/my_robot_bringup.pc'
[1.042s] Level 1:colcon.colcon_core.environment:checking '/home/aliure/robot_ws/install/my_robot_bringup/lib/python3.10/site-packages'
[1.042s] Level 1:colcon.colcon_core.shell:create_environment_hook('my_robot_bringup', 'pythonpath')
[1.042s] INFO:colcon.colcon_core.shell:Creating environment hook '/home/aliure/robot_ws/install/my_robot_bringup/share/my_robot_bringup/hook/pythonpath.ps1'
[1.042s] INFO:colcon.colcon_core.shell:Creating environment descriptor '/home/aliure/robot_ws/install/my_robot_bringup/share/my_robot_bringup/hook/pythonpath.dsv'
[1.042s] INFO:colcon.colcon_core.shell:Creating environment hook '/home/aliure/robot_ws/install/my_robot_bringup/share/my_robot_bringup/hook/pythonpath.sh'
[1.043s] Level 1:colcon.colcon_core.environment:checking '/home/aliure/robot_ws/install/my_robot_bringup/bin'
[1.043s] Level 1:colcon.colcon_core.environment:create_environment_scripts_only(my_robot_bringup)
[1.043s] INFO:colcon.colcon_core.shell:Creating package script '/home/aliure/robot_ws/install/my_robot_bringup/share/my_robot_bringup/package.ps1'
[1.044s] INFO:colcon.colcon_core.shell:Creating package descriptor '/home/aliure/robot_ws/install/my_robot_bringup/share/my_robot_bringup/package.dsv'
[1.044s] INFO:colcon.colcon_core.shell:Creating package script '/home/aliure/robot_ws/install/my_robot_bringup/share/my_robot_bringup/package.sh'
[1.044s] INFO:colcon.colcon_core.shell:Creating package script '/home/aliure/robot_ws/install/my_robot_bringup/share/my_robot_bringup/package.bash'
[1.044s] INFO:colcon.colcon_core.shell:Creating package script '/home/aliure/robot_ws/install/my_robot_bringup/share/my_robot_bringup/package.zsh'
[1.045s] Level 1:colcon.colcon_core.environment:create_file_with_runtime_dependencies(/home/aliure/robot_ws/install/my_robot_bringup/share/colcon-core/packages/my_robot_bringup)
[1.045s] Level 1:colcon.colcon_core.shell:create_environment_hook('ball_chaser', 'pythonpath_develop')
[1.046s] INFO:colcon.colcon_core.shell:Creating environment hook '/home/aliure/robot_ws/build/ball_chaser/share/ball_chaser/hook/pythonpath_develop.ps1'
[1.046s] DEBUG:colcon.colcon_core.event_handler.log_command:Invoked command in '/home/aliure/robot_ws/build/ball_chaser' returned '0': PYTHONPATH=/home/aliure/robot_ws/build/ball_chaser/prefix_override:/usr/lib/python3/dist-packages/colcon_core/task/python/colcon_distutils_commands:/home/aliure/robot_ws/install/ball_chaser/lib/python3.10/site-packages:${PYTHONPATH} /usr/bin/python3 -W ignore:setup.py install is deprecated -W ignore:easy_install command is deprecated setup.py develop --editable --build-directory /home/aliure/robot_ws/build/ball_chaser/build --no-deps symlink_data
[1.046s] INFO:colcon.colcon_core.shell:Creating environment descriptor '/home/aliure/robot_ws/build/ball_chaser/share/ball_chaser/hook/pythonpath_develop.dsv'
[1.047s] INFO:colcon.colcon_core.shell:Creating environment hook '/home/aliure/robot_ws/build/ball_chaser/share/ball_chaser/hook/pythonpath_develop.sh'
[1.048s] Level 1:colcon.colcon_core.environment:checking '/home/aliure/robot_ws/install/ball_chaser' for CMake module files
[1.048s] Level 1:colcon.colcon_core.environment:checking '/home/aliure/robot_ws/install/ball_chaser' for CMake config files
[1.049s] Level 1:colcon.colcon_core.environment:checking '/home/aliure/robot_ws/install/ball_chaser/lib'
[1.049s] Level 1:colcon.colcon_core.environment:checking '/home/aliure/robot_ws/install/ball_chaser/bin'
[1.049s] Level 1:colcon.colcon_core.environment:checking '/home/aliure/robot_ws/install/ball_chaser/lib/pkgconfig/ball_chaser.pc'
[1.049s] Level 1:colcon.colcon_core.environment:checking '/home/aliure/robot_ws/install/ball_chaser/lib/python3.10/site-packages'
[1.049s] Level 1:colcon.colcon_core.shell:create_environment_hook('ball_chaser', 'pythonpath')
[1.050s] INFO:colcon.colcon_core.shell:Creating environment hook '/home/aliure/robot_ws/install/ball_chaser/share/ball_chaser/hook/pythonpath.ps1'
[1.050s] INFO:colcon.colcon_core.shell:Creating environment descriptor '/home/aliure/robot_ws/install/ball_chaser/share/ball_chaser/hook/pythonpath.dsv'
[1.050s] INFO:colcon.colcon_core.shell:Creating environment hook '/home/aliure/robot_ws/install/ball_chaser/share/ball_chaser/hook/pythonpath.sh'
[1.051s] Level 1:colcon.colcon_core.environment:checking '/home/aliure/robot_ws/install/ball_chaser/bin'
[1.051s] Level 1:colcon.colcon_core.environment:create_environment_scripts_only(ball_chaser)
[1.051s] INFO:colcon.colcon_core.shell:Creating package script '/home/aliure/robot_ws/install/ball_chaser/share/ball_chaser/package.ps1'
[1.051s] INFO:colcon.colcon_core.shell:Creating package descriptor '/home/aliure/robot_ws/install/ball_chaser/share/ball_chaser/package.dsv'
[1.052s] INFO:colcon.colcon_core.shell:Creating package script '/home/aliure/robot_ws/install/ball_chaser/share/ball_chaser/package.sh'
[1.052s] INFO:colcon.colcon_core.shell:Creating package script '/home/aliure/robot_ws/install/ball_chaser/share/ball_chaser/package.bash'
[1.052s] INFO:colcon.colcon_core.shell:Creating package script '/home/aliure/robot_ws/install/ball_chaser/share/ball_chaser/package.zsh'
[1.052s] Level 1:colcon.colcon_core.environment:create_file_with_runtime_dependencies(/home/aliure/robot_ws/install/ball_chaser/share/colcon-core/packages/ball_chaser)
[1.052s] DEBUG:colcon.colcon_parallel_executor.executor.parallel:closing loop
[1.053s] DEBUG:colcon.colcon_parallel_executor.executor.parallel:loop closed
[1.053s] DEBUG:colcon.colcon_parallel_executor.executor.parallel:run_until_complete finished with '0'
[1.053s] DEBUG:colcon.colcon_core.event_reactor:joining thread
[1.056s] INFO:colcon.colcon_core.plugin_system:Skipping extension 'colcon_notification.desktop_notification.terminal_notifier': Not used on non-Darwin systems
[1.056s] INFO:colcon.colcon_core.plugin_system:Skipping extension 'colcon_notification.desktop_notification.win32': Not used on non-Windows systems
[1.056s] INFO:colcon.colcon_notification.desktop_notification:Sending desktop notification using 'notify2'
[1.063s] DEBUG:colcon.colcon_core.event_reactor:joined thread
[1.064s] INFO:colcon.colcon_core.shell:Creating prefix script '/home/aliure/robot_ws/install/local_setup.ps1'
[1.065s] INFO:colcon.colcon_core.shell:Creating prefix util module '/home/aliure/robot_ws/install/_local_setup_util_ps1.py'
[1.065s] INFO:colcon.colcon_core.shell:Creating prefix chain script '/home/aliure/robot_ws/install/setup.ps1'
[1.066s] INFO:colcon.colcon_core.shell:Creating prefix script '/home/aliure/robot_ws/install/local_setup.sh'
[1.067s] INFO:colcon.colcon_core.shell:Creating prefix util module '/home/aliure/robot_ws/install/_local_setup_util_sh.py'
[1.067s] INFO:colcon.colcon_core.shell:Creating prefix chain script '/home/aliure/robot_ws/install/setup.sh'
[1.068s] INFO:colcon.colcon_core.shell:Creating prefix script '/home/aliure/robot_ws/install/local_setup.bash'
[1.069s] INFO:colcon.colcon_core.shell:Creating prefix chain script '/home/aliure/robot_ws/install/setup.bash'
[1.069s] INFO:colcon.colcon_core.shell:Creating prefix script '/home/aliure/robot_ws/install/local_setup.zsh'
[1.070s] INFO:colcon.colcon_core.shell:Creating prefix chain script '/home/aliure/robot_ws/install/setup.zsh'
