[0.335s] Invoking command in '/home/aliure/robot_ws/build/my_robot_description': CMAKE_PREFIX_PATH=/opt/ros/humble /usr/bin/cmake --build /home/aliure/robot_ws/build/my_robot_description -- -j12 -l12
[0.400s] Invoked command in '/home/aliure/robot_ws/build/my_robot_description' returned '0': CMAKE_PREFIX_PATH=/opt/ros/humble /usr/bin/cmake --build /home/aliure/robot_ws/build/my_robot_description -- -j12 -l12
[0.402s] Invoking command in '/home/aliure/robot_ws/build/my_robot_description': CMAKE_PREFIX_PATH=/opt/ros/humble /usr/bin/cmake --install /home/aliure/robot_ws/build/my_robot_description
[0.409s] -- Install configuration: ""
[0.409s] -- Execute custom install script
[0.409s] -- Up-to-date symlink: /home/aliure/robot_ws/install/my_robot_description/share/my_robot_description//urdf/robot.urdf.xacro
[0.409s] -- Up-to-date symlink: /home/aliure/robot_ws/install/my_robot_description/share/ament_index/resource_index/package_run_dependencies/my_robot_description
[0.410s] -- Up-to-date symlink: /home/aliure/robot_ws/install/my_robot_description/share/ament_index/resource_index/parent_prefix_path/my_robot_description
[0.410s] -- Up-to-date symlink: /home/aliure/robot_ws/install/my_robot_description/share/my_robot_description/environment/ament_prefix_path.sh
[0.410s] -- Up-to-date symlink: /home/aliure/robot_ws/install/my_robot_description/share/my_robot_description/environment/ament_prefix_path.dsv
[0.411s] -- Up-to-date symlink: /home/aliure/robot_ws/install/my_robot_description/share/my_robot_description/environment/path.sh
[0.411s] -- Up-to-date symlink: /home/aliure/robot_ws/install/my_robot_description/share/my_robot_description/environment/path.dsv
[0.411s] -- Up-to-date symlink: /home/aliure/robot_ws/install/my_robot_description/share/my_robot_description/local_setup.bash
[0.411s] -- Up-to-date symlink: /home/aliure/robot_ws/install/my_robot_description/share/my_robot_description/local_setup.sh
[0.411s] -- Up-to-date symlink: /home/aliure/robot_ws/install/my_robot_description/share/my_robot_description/local_setup.zsh
[0.412s] -- Up-to-date symlink: /home/aliure/robot_ws/install/my_robot_description/share/my_robot_description/local_setup.dsv
[0.412s] -- Symlinking: /home/aliure/robot_ws/install/my_robot_description/share/my_robot_description/package.dsv
[0.420s] -- Up-to-date symlink: /home/aliure/robot_ws/install/my_robot_description/share/ament_index/resource_index/packages/my_robot_description
[0.420s] -- Up-to-date symlink: /home/aliure/robot_ws/install/my_robot_description/share/my_robot_description/cmake/my_robot_descriptionConfig.cmake
[0.420s] -- Up-to-date symlink: /home/aliure/robot_ws/install/my_robot_description/share/my_robot_description/cmake/my_robot_descriptionConfig-version.cmake
[0.420s] -- Up-to-date symlink: /home/aliure/robot_ws/install/my_robot_description/share/my_robot_description/package.xml
[0.422s] Invoked command in '/home/aliure/robot_ws/build/my_robot_description' returned '0': CMAKE_PREFIX_PATH=/opt/ros/humble /usr/bin/cmake --install /home/aliure/robot_ws/build/my_robot_description
