[0.311s] Invoking command in '/home/aliure/robot_ws/build/my_robot_description': CMAKE_PREFIX_PATH=${CMAKE_PREFIX_PATH}:/home/aliure/robot_ws/install/my_robot_bringup:/home/aliure/robot_ws/install/ball_chaser:/opt/ros/humble /usr/bin/cmake --build /home/aliure/robot_ws/build/my_robot_description -- -j12 -l12
[0.350s] Invoked command in '/home/aliure/robot_ws/build/my_robot_description' returned '0': CMAKE_PREFIX_PATH=${CMAKE_PREFIX_PATH}:/home/aliure/robot_ws/install/my_robot_bringup:/home/aliure/robot_ws/install/ball_chaser:/opt/ros/humble /usr/bin/cmake --build /home/aliure/robot_ws/build/my_robot_description -- -j12 -l12
[0.352s] Invoking command in '/home/aliure/robot_ws/build/my_robot_description': CMAKE_PREFIX_PATH=${CMAKE_PREFIX_PATH}:/home/aliure/robot_ws/install/my_robot_bringup:/home/aliure/robot_ws/install/ball_chaser:/opt/ros/humble /usr/bin/cmake --install /home/aliure/robot_ws/build/my_robot_description
[0.358s] -- Install configuration: ""
[0.359s] -- Execute custom install script
[0.359s] -- Up-to-date symlink: /home/aliure/robot_ws/install/my_robot_description/share/my_robot_description//urdf/robot.urdf.xacro
[0.359s] -- Up-to-date symlink: /home/aliure/robot_ws/install/my_robot_description/share/ament_index/resource_index/package_run_dependencies/my_robot_description
[0.359s] -- Up-to-date symlink: /home/aliure/robot_ws/install/my_robot_description/share/ament_index/resource_index/parent_prefix_path/my_robot_description
[0.359s] -- Up-to-date symlink: /home/aliure/robot_ws/install/my_robot_description/share/my_robot_description/environment/ament_prefix_path.sh
[0.359s] -- Up-to-date symlink: /home/aliure/robot_ws/install/my_robot_description/share/my_robot_description/environment/ament_prefix_path.dsv
[0.360s] -- Up-to-date symlink: /home/aliure/robot_ws/install/my_robot_description/share/my_robot_description/environment/path.sh
[0.360s] -- Up-to-date symlink: /home/aliure/robot_ws/install/my_robot_description/share/my_robot_description/environment/path.dsv
[0.360s] -- Up-to-date symlink: /home/aliure/robot_ws/install/my_robot_description/share/my_robot_description/local_setup.bash
[0.360s] -- Up-to-date symlink: /home/aliure/robot_ws/install/my_robot_description/share/my_robot_description/local_setup.sh
[0.360s] -- Up-to-date symlink: /home/aliure/robot_ws/install/my_robot_description/share/my_robot_description/local_setup.zsh
[0.360s] -- Up-to-date symlink: /home/aliure/robot_ws/install/my_robot_description/share/my_robot_description/local_setup.dsv
[0.360s] -- Symlinking: /home/aliure/robot_ws/install/my_robot_description/share/my_robot_description/package.dsv
[0.370s] -- Up-to-date symlink: /home/aliure/robot_ws/install/my_robot_description/share/ament_index/resource_index/packages/my_robot_description
[0.370s] -- Up-to-date symlink: /home/aliure/robot_ws/install/my_robot_description/share/my_robot_description/cmake/my_robot_descriptionConfig.cmake
[0.370s] -- Up-to-date symlink: /home/aliure/robot_ws/install/my_robot_description/share/my_robot_description/cmake/my_robot_descriptionConfig-version.cmake
[0.370s] -- Up-to-date symlink: /home/aliure/robot_ws/install/my_robot_description/share/my_robot_description/package.xml
[0.382s] Invoked command in '/home/aliure/robot_ws/build/my_robot_description' returned '0': CMAKE_PREFIX_PATH=${CMAKE_PREFIX_PATH}:/home/aliure/robot_ws/install/my_robot_bringup:/home/aliure/robot_ws/install/ball_chaser:/opt/ros/humble /usr/bin/cmake --install /home/aliure/robot_ws/build/my_robot_description
