[0.373s] Invoking command in '/home/aliure/robot_ws/build/my_robot_description': CMAKE_PREFIX_PATH=/opt/ros/humble /usr/bin/cmake /home/aliure/robot_ws/src/my_robot_description -DAMENT_CMAKE_SYMLINK_INSTALL=1 -DCMAKE_INSTALL_PREFIX=/home/aliure/robot_ws/install/my_robot_description
[0.399s] -- Found ament_cmake: 1.3.12 (/opt/ros/humble/share/ament_cmake/cmake)
[0.562s] -- Override CMake install command with custom implementation using symlinks instead of copying resources
[0.570s] -- Found ament_lint_auto: 0.12.14 (/opt/ros/humble/share/ament_lint_auto/cmake)
[0.638s] -- Added test 'lint_cmake' to check CMake code style
[0.638s] -- Added test 'xmllint' to check XML markup files
[0.639s] -- Configuring done
[0.642s] -- Generating done
[0.643s] -- Build files have been written to: /home/aliure/robot_ws/build/my_robot_description
[0.646s] Invoked command in '/home/aliure/robot_ws/build/my_robot_description' returned '0': CMAKE_PREFIX_PATH=/opt/ros/humble /usr/bin/cmake /home/aliure/robot_ws/src/my_robot_description -DAMENT_CMAKE_SYMLINK_INSTALL=1 -DCMAKE_INSTALL_PREFIX=/home/aliure/robot_ws/install/my_robot_description
[0.649s] Invoking command in '/home/aliure/robot_ws/build/my_robot_description': CMAKE_PREFIX_PATH=/opt/ros/humble /usr/bin/cmake --build /home/aliure/robot_ws/build/my_robot_description -- -j12 -l12
[0.687s] Invoked command in '/home/aliure/robot_ws/build/my_robot_description' returned '0': CMAKE_PREFIX_PATH=/opt/ros/humble /usr/bin/cmake --build /home/aliure/robot_ws/build/my_robot_description -- -j12 -l12
[0.689s] Invoking command in '/home/aliure/robot_ws/build/my_robot_description': CMAKE_PREFIX_PATH=/opt/ros/humble /usr/bin/cmake --install /home/aliure/robot_ws/build/my_robot_description
[0.696s] -- Install configuration: ""
[0.696s] -- Execute custom install script
[0.696s] -- Up-to-date symlink: /home/aliure/robot_ws/install/my_robot_description/share/my_robot_description//urdf/robot.urdf.xacro
[0.697s] -- Up-to-date symlink: /home/aliure/robot_ws/install/my_robot_description/share/ament_index/resource_index/package_run_dependencies/my_robot_description
[0.697s] -- Up-to-date symlink: /home/aliure/robot_ws/install/my_robot_description/share/ament_index/resource_index/parent_prefix_path/my_robot_description
[0.697s] -- Up-to-date symlink: /home/aliure/robot_ws/install/my_robot_description/share/my_robot_description/environment/ament_prefix_path.sh
[0.697s] -- Up-to-date symlink: /home/aliure/robot_ws/install/my_robot_description/share/my_robot_description/environment/ament_prefix_path.dsv
[0.697s] -- Up-to-date symlink: /home/aliure/robot_ws/install/my_robot_description/share/my_robot_description/environment/path.sh
[0.697s] -- Up-to-date symlink: /home/aliure/robot_ws/install/my_robot_description/share/my_robot_description/environment/path.dsv
[0.697s] -- Up-to-date symlink: /home/aliure/robot_ws/install/my_robot_description/share/my_robot_description/local_setup.bash
[0.697s] -- Up-to-date symlink: /home/aliure/robot_ws/install/my_robot_description/share/my_robot_description/local_setup.sh
[0.698s] -- Up-to-date symlink: /home/aliure/robot_ws/install/my_robot_description/share/my_robot_description/local_setup.zsh
[0.698s] -- Up-to-date symlink: /home/aliure/robot_ws/install/my_robot_description/share/my_robot_description/local_setup.dsv
[0.698s] -- Symlinking: /home/aliure/robot_ws/install/my_robot_description/share/my_robot_description/package.dsv
[0.706s] -- Up-to-date symlink: /home/aliure/robot_ws/install/my_robot_description/share/ament_index/resource_index/packages/my_robot_description
[0.706s] -- Up-to-date symlink: /home/aliure/robot_ws/install/my_robot_description/share/my_robot_description/cmake/my_robot_descriptionConfig.cmake
[0.706s] -- Up-to-date symlink: /home/aliure/robot_ws/install/my_robot_description/share/my_robot_description/cmake/my_robot_descriptionConfig-version.cmake
[0.706s] -- Up-to-date symlink: /home/aliure/robot_ws/install/my_robot_description/share/my_robot_description/package.xml
[0.708s] Invoked command in '/home/aliure/robot_ws/build/my_robot_description' returned '0': CMAKE_PREFIX_PATH=/opt/ros/humble /usr/bin/cmake --install /home/aliure/robot_ws/build/my_robot_description
